Using 8 CUDA devices
Loaded golden database with 0 entries
Parsed 1896 commands from input file
Running 1896 tests in batch mode
Test 1 pass on GPU 0, execution time: 0.3350 ms
Test 2 pass on GPU 1, execution time: 2.8114 ms
Test 3 pass on GPU 2, execution time: 2.8834 ms
Test 4 pass on GPU 3, execution time: 1.8907 ms
Test 5 pass on GPU 4, execution time: 0.5273 ms
Test 6 pass on GPU 5, execution time: 0.2423 ms
Test 7 pass on GPU 6, execution time: 0.1336 ms
Test 8 pass on GPU 7, execution time: 1.4195 ms
Test 9 pass on GPU 0, execution time: 0.0917 ms
Test 10 pass on GPU 1, execution time: 0.1925 ms
Test 11 pass on GPU 2, execution time: 0.3033 ms
Test 12 pass on GPU 3, execution time: 0.1321 ms
Test 13 pass on GPU 4, execution time: 0.0578 ms
Test 14 pass on GPU 5, execution time: 0.0893 ms
Test 15 pass on GPU 6, execution time: 0.0880 ms
Test 16 pass on GPU 7, execution time: 0.0796 ms
Test 17 pass on GPU 0, execution time: 0.1767 ms
Test 18 pass on GPU 1, execution time: 0.1104 ms
Test 19 pass on GPU 2, execution time: 0.1159 ms
Test 20 pass on GPU 3, execution time: 0.0754 ms
Test 21 pass on GPU 4, execution time: 0.0889 ms
Test 22 pass on GPU 5, execution time: 0.0953 ms
Test 23 pass on GPU 6, execution time: 0.0850 ms
Test 24 pass on GPU 7, execution time: 0.0352 ms
Test 25 pass on GPU 0, execution time: 0.0744 ms
Test 26 pass on GPU 1, execution time: 0.0768 ms
Test 27 pass on GPU 2, execution time: 0.1710 ms
Test 28 pass on GPU 3, execution time: 0.7778 ms
Test 29 pass on GPU 4, execution time: 4.9375 ms
Test 30 pass on GPU 5, execution time: 1.1008 ms
Test 31 pass on GPU 6, execution time: 0.0257 ms
Test 32 pass on GPU 7, execution time: 0.0615 ms
Test 33 pass on GPU 0, execution time: 0.0940 ms
Test 34 pass on GPU 1, execution time: 0.1044 ms
Test 35 pass on GPU 2, execution time: 0.3238 ms
Test 36 pass on GPU 3, execution time: 0.0972 ms
Test 37 pass on GPU 4, execution time: 0.0936 ms
Test 38 pass on GPU 5, execution time: 0.0586 ms
Test 39 pass on GPU 6, execution time: 0.0824 ms
Test 40 pass on GPU 7, execution time: 0.2275 ms
Test 41 pass on GPU 0, execution time: 0.2338 ms
Test 42 pass on GPU 1, execution time: 0.1304 ms
Test 43 pass on GPU 2, execution time: 0.0419 ms
Test 44 pass on GPU 3, execution time: 0.0850 ms
Test 45 pass on GPU 4, execution time: 0.1077 ms
Test 46 pass on GPU 5, execution time: 0.1109 ms
Test 47 pass on GPU 6, execution time: 0.5545 ms
Test 48 pass on GPU 7, execution time: 0.0749 ms
Test 49 pass on GPU 0, execution time: 0.2606 ms
Test 50 pass on GPU 1, execution time: 0.1712 ms
Test 51 pass on GPU 2, execution time: 0.1088 ms
Test 52 pass on GPU 3, execution time: 0.0728 ms
Test 53 pass on GPU 4, execution time: 0.1079 ms
Test 54 pass on GPU 5, execution time: 0.0671 ms
Test 55 pass on GPU 6, execution time: 0.0905 ms
Test 56 pass on GPU 7, execution time: 0.1141 ms
Test 57 pass on GPU 0, execution time: 0.0845 ms
Test 58 pass on GPU 1, execution time: 0.0257 ms
Test 59 pass on GPU 2, execution time: 0.0383 ms
Test 60 pass on GPU 3, execution time: 0.0362 ms
Test 61 pass on GPU 4, execution time: 0.0561 ms
Test 62 pass on GPU 5, execution time: 0.0632 ms
Test 63 pass on GPU 6, execution time: 0.0375 ms
Test 64 pass on GPU 7, execution time: 0.3451 ms
Test 65 pass on GPU 0, execution time: 0.3466 ms
Test 66 pass on GPU 1, execution time: 0.4977 ms
Test 67 pass on GPU 2, execution time: 1.3840 ms
Test 68 pass on GPU 3, execution time: 4.3216 ms
Test 69 pass on GPU 4, execution time: 0.3938 ms
Test 70 pass on GPU 5, execution time: 0.0999 ms
Test 71 pass on GPU 6, execution time: 0.1126 ms
Test 72 pass on GPU 7, execution time: 0.0844 ms
Test 73 pass on GPU 0, execution time: 0.2476 ms
Test 74 pass on GPU 1, execution time: 0.1767 ms
Test 75 pass on GPU 2, execution time: 0.1813 ms
Test 76 pass on GPU 3, execution time: 0.0882 ms
Test 77 pass on GPU 4, execution time: 0.0886 ms
Test 78 pass on GPU 5, execution time: 0.0630 ms
Test 79 pass on GPU 6, execution time: 0.1576 ms
Test 80 pass on GPU 7, execution time: 0.1643 ms
Test 81 pass on GPU 0, execution time: 0.3002 ms
Test 82 pass on GPU 1, execution time: 0.0276 ms
Test 83 pass on GPU 2, execution time: 0.0402 ms
Test 84 pass on GPU 3, execution time: 0.0359 ms
Test 85 pass on GPU 4, execution time: 0.0348 ms
Test 86 pass on GPU 5, execution time: 0.0399 ms
Test 87 pass on GPU 6, execution time: 0.0354 ms
Test 88 pass on GPU 7, execution time: 0.1747 ms
Test 89 pass on GPU 0, execution time: 0.1754 ms
Test 90 pass on GPU 1, execution time: 0.1103 ms
Test 91 pass on GPU 2, execution time: 0.1333 ms
Test 92 pass on GPU 3, execution time: 0.1622 ms
Test 93 pass on GPU 4, execution time: 0.1215 ms
Test 94 pass on GPU 5, execution time: 0.1127 ms
Test 95 pass on GPU 6, execution time: 0.0715 ms
Test 96 pass on GPU 7, execution time: 0.0798 ms
Test 97 pass on GPU 0, execution time: 0.4113 ms
Test 98 pass on GPU 1, execution time: 0.6017 ms
Test 99 pass on GPU 2, execution time: 0.0273 ms
Test 100 pass on GPU 3, execution time: 0.0404 ms
Test 101 pass on GPU 4, execution time: 0.0352 ms
Test 102 pass on GPU 5, execution time: 0.0442 ms
Test 103 pass on GPU 6, execution time: 1.7247 ms
Test 104 pass on GPU 7, execution time: 0.1191 ms
Test 105 pass on GPU 0, execution time: 0.0307 ms
Test 106 pass on GPU 1, execution time: 0.2555 ms
Test 107 pass on GPU 2, execution time: 0.0344 ms
Test 108 pass on GPU 3, execution time: 0.1196 ms
Test 109 pass on GPU 4, execution time: 0.6929 ms
Test 110 pass on GPU 5, execution time: 0.1074 ms
Test 111 pass on GPU 6, execution time: 0.3928 ms
Test 112 pass on GPU 7, execution time: 0.3873 ms
Test 113 pass on GPU 0, execution time: 0.2874 ms
Test 114 pass on GPU 1, execution time: 0.0817 ms
Test 115 pass on GPU 2, execution time: 0.0920 ms
Test 116 pass on GPU 3, execution time: 0.0579 ms
Test 117 pass on GPU 4, execution time: 0.1218 ms
Test 118 pass on GPU 5, execution time: 0.1217 ms
Test 119 pass on GPU 6, execution time: 0.0859 ms
Test 120 pass on GPU 7, execution time: 0.0315 ms
Test 121 pass on GPU 0, execution time: 0.0412 ms
Test 122 pass on GPU 1, execution time: 0.0365 ms
Test 123 pass on GPU 2, execution time: 0.1243 ms
Test 124 pass on GPU 3, execution time: 0.0836 ms
Test 125 pass on GPU 4, execution time: 0.0869 ms
Test 126 pass on GPU 5, execution time: 0.1510 ms
Test 127 pass on GPU 6, execution time: 0.1512 ms
Test 128 pass on GPU 7, execution time: 0.1258 ms
Test 129 pass on GPU 0, execution time: 0.1136 ms
Test 130 pass on GPU 1, execution time: 0.1342 ms
Test 131 pass on GPU 2, execution time: 0.0880 ms
Test 132 pass on GPU 3, execution time: 0.2543 ms
Test 133 pass on GPU 4, execution time: 0.2662 ms
Test 134 pass on GPU 5, execution time: 0.4878 ms
Test 135 pass on GPU 6, execution time: 0.0152 ms
Test 136 pass on GPU 7, execution time: 0.0235 ms
Test 137 pass on GPU 0, execution time: 0.0199 ms
Test 138 pass on GPU 1, execution time: 0.0694 ms
Test 139 pass on GPU 2, execution time: 0.0645 ms
Test 140 pass on GPU 3, execution time: 0.0537 ms
Test 141 pass on GPU 4, execution time: 0.0148 ms
Test 142 pass on GPU 5, execution time: 0.0220 ms
Test 143 pass on GPU 6, execution time: 0.0192 ms
Test 144 pass on GPU 7, execution time: 0.0148 ms
Test 145 pass on GPU 0, execution time: 0.0224 ms
Test 146 pass on GPU 1, execution time: 0.0191 ms
Test 147 pass on GPU 2, execution time: 0.0657 ms
Test 148 pass on GPU 3, execution time: 0.0869 ms
Test 149 pass on GPU 4, execution time: 0.0895 ms
Test 150 pass on GPU 5, execution time: 0.0811 ms
Test 151 pass on GPU 6, execution time: 0.0975 ms
Test 152 pass on GPU 7, execution time: 0.0955 ms
Test 153 pass on GPU 0, execution time: 0.1225 ms
Test 154 pass on GPU 1, execution time: 0.1431 ms
Test 155 pass on GPU 2, execution time: 0.1017 ms
Test 156 pass on GPU 3, execution time: 0.2554 ms
Test 157 pass on GPU 4, execution time: 0.2660 ms
Test 158 pass on GPU 5, execution time: 0.1929 ms
Test 159 pass on GPU 6, execution time: 0.0275 ms
Test 160 pass on GPU 7, execution time: 0.0487 ms
Test 161 pass on GPU 0, execution time: 0.0353 ms
Test 162 pass on GPU 1, execution time: 0.0284 ms
Test 163 pass on GPU 2, execution time: 0.0437 ms
Test 164 pass on GPU 3, execution time: 0.0361 ms
Test 165 pass on GPU 4, execution time: 0.0229 ms
Test 166 pass on GPU 5, execution time: 0.5436 ms
Test 167 pass on GPU 6, execution time: 0.1568 ms
Test 168 pass on GPU 7, execution time: 0.1475 ms
Test 169 pass on GPU 0, execution time: 0.0303 ms
Test 170 pass on GPU 1, execution time: 0.0653 ms
Test 171 pass on GPU 2, execution time: 0.1178 ms
Test 172 pass on GPU 3, execution time: 0.0261 ms
Test 173 pass on GPU 4, execution time: 0.0243 ms
Test 174 pass on GPU 5, execution time: 0.7916 ms
Test 175 pass on GPU 6, execution time: 0.0246 ms
Test 176 pass on GPU 7, execution time: 0.1349 ms
Test 177 pass on GPU 0, execution time: 0.0247 ms
Test 178 pass on GPU 1, execution time: 0.1655 ms
Test 179 pass on GPU 2, execution time: 0.0320 ms
Test 180 pass on GPU 3, execution time: 0.1347 ms
Test 181 pass on GPU 4, execution time: 0.2322 ms
Test 182 pass on GPU 5, execution time: 0.0954 ms
Test 183 pass on GPU 6, execution time: 0.1758 ms
Test 184 pass on GPU 7, execution time: 0.0249 ms
Test 185 pass on GPU 0, execution time: 0.1037 ms
Test 186 pass on GPU 1, execution time: 1.0767 ms
Test 187 pass on GPU 2, execution time: 0.5065 ms
Test 188 pass on GPU 3, execution time: 0.1635 ms
Test 189 pass on GPU 4, execution time: 0.4221 ms
Test 190 pass on GPU 5, execution time: 0.1481 ms
Test 191 pass on GPU 6, execution time: 0.4811 ms
Test 192 pass on GPU 7, execution time: 0.0244 ms
Test 193 pass on GPU 0, execution time: 0.0290 ms
Test 194 pass on GPU 1, execution time: 0.2575 ms
Test 195 pass on GPU 2, execution time: 0.2099 ms
Test 196 pass on GPU 3, execution time: 0.1382 ms
Test 197 pass on GPU 4, execution time: 0.3327 ms
Test 198 pass on GPU 5, execution time: 0.0233 ms
Test 199 pass on GPU 6, execution time: 0.0800 ms
Test 200 pass on GPU 7, execution time: 0.0552 ms
Test 201 pass on GPU 0, execution time: 0.1434 ms
Test 202 pass on GPU 1, execution time: 0.7705 ms
Test 203 pass on GPU 2, execution time: 0.1332 ms
Test 204 pass on GPU 3, execution time: 0.2015 ms
Test 205 pass on GPU 4, execution time: 0.0230 ms
Test 206 pass on GPU 5, execution time: 0.1612 ms
Test 207 pass on GPU 6, execution time: 0.1779 ms
Test 208 pass on GPU 7, execution time: 0.2062 ms
Test 209 pass on GPU 0, execution time: 0.9564 ms
Test 210 pass on GPU 1, execution time: 0.0231 ms
Test 211 pass on GPU 2, execution time: 0.1130 ms
Test 212 pass on GPU 3, execution time: 0.0198 ms
Test 213 pass on GPU 4, execution time: 0.0209 ms
Test 214 pass on GPU 5, execution time: 0.1049 ms
Test 215 pass on GPU 6, execution time: 0.1114 ms
Test 216 pass on GPU 7, execution time: 0.2223 ms
Test 217 pass on GPU 0, execution time: 0.3895 ms
Test 218 pass on GPU 1, execution time: 0.0444 ms
Test 219 pass on GPU 2, execution time: 0.0355 ms
Test 220 pass on GPU 3, execution time: 0.0211 ms
Test 221 pass on GPU 4, execution time: 0.3543 ms
Test 222 pass on GPU 5, execution time: 0.1026 ms
Test 223 pass on GPU 6, execution time: 0.1001 ms
Test 224 pass on GPU 7, execution time: 0.0311 ms
Test 225 pass on GPU 0, execution time: 0.0834 ms
Test 226 pass on GPU 1, execution time: 0.3621 ms
Test 227 pass on GPU 2, execution time: 0.0225 ms
Test 228 pass on GPU 3, execution time: 0.0236 ms
Test 229 pass on GPU 4, execution time: 0.5150 ms
Test 230 pass on GPU 5, execution time: 0.0132 ms
Test 231 pass on GPU 6, execution time: 0.0926 ms
Test 232 pass on GPU 7, execution time: 0.0226 ms
Test 233 pass on GPU 0, execution time: 0.1050 ms
Test 234 pass on GPU 1, execution time: 0.0270 ms
Test 235 pass on GPU 2, execution time: 0.0997 ms
Test 236 pass on GPU 3, execution time: 0.1523 ms
Test 237 pass on GPU 4, execution time: 0.1346 ms
Test 238 pass on GPU 5, execution time: 0.1436 ms
Test 239 pass on GPU 6, execution time: 0.0132 ms
Test 240 pass on GPU 7, execution time: 0.0931 ms
Test 241 pass on GPU 0, execution time: 0.7002 ms
Test 242 pass on GPU 1, execution time: 0.3307 ms
Test 243 pass on GPU 2, execution time: 0.1012 ms
Test 244 pass on GPU 3, execution time: 0.2745 ms
Test 245 pass on GPU 4, execution time: 0.1309 ms
Test 246 pass on GPU 5, execution time: 0.3134 ms
Test 247 pass on GPU 6, execution time: 0.0271 ms
Test 248 pass on GPU 7, execution time: 0.0166 ms
Test 249 pass on GPU 0, execution time: 0.1478 ms
Test 250 pass on GPU 1, execution time: 0.2242 ms
Test 251 pass on GPU 2, execution time: 0.1567 ms
Test 252 pass on GPU 3, execution time: 0.2233 ms
Test 253 pass on GPU 4, execution time: 0.0222 ms
Test 254 pass on GPU 5, execution time: 0.0601 ms
Test 255 pass on GPU 6, execution time: 0.0182 ms
Test 256 pass on GPU 7, execution time: 0.0967 ms
Test 257 pass on GPU 0, execution time: 0.5008 ms
Test 258 pass on GPU 1, execution time: 0.0994 ms
Test 259 pass on GPU 2, execution time: 0.1365 ms
Test 260 pass on GPU 3, execution time: 0.0222 ms
Test 261 pass on GPU 4, execution time: 0.1164 ms
Test 262 pass on GPU 5, execution time: 0.1355 ms
Test 263 pass on GPU 6, execution time: 0.1318 ms
Test 264 pass on GPU 7, execution time: 0.6224 ms
Test 265 pass on GPU 0, execution time: 0.0222 ms
Test 266 pass on GPU 1, execution time: 0.0896 ms
Test 267 pass on GPU 2, execution time: 0.0350 ms
Test 268 pass on GPU 3, execution time: 0.0193 ms
Test 269 pass on GPU 4, execution time: 0.0568 ms
Test 270 pass on GPU 5, execution time: 0.0954 ms
Test 271 pass on GPU 6, execution time: 0.1459 ms
Test 272 pass on GPU 7, execution time: 0.2545 ms
Test 273 pass on GPU 0, execution time: 0.0168 ms
Test 274 pass on GPU 1, execution time: 0.0353 ms
Test 275 pass on GPU 2, execution time: 0.8714 ms
Test 276 pass on GPU 3, execution time: 0.0765 ms
Test 277 pass on GPU 4, execution time: 0.1894 ms
Test 278 pass on GPU 5, execution time: 0.1433 ms
Test 279 pass on GPU 6, execution time: 0.1415 ms
Test 280 pass on GPU 7, execution time: 0.1315 ms
Test 281 pass on GPU 0, execution time: 0.1905 ms
Test 282 pass on GPU 1, execution time: 0.1120 ms
Test 283 pass on GPU 2, execution time: 0.3075 ms
Test 284 pass on GPU 3, execution time: 0.0601 ms
Test 285 pass on GPU 4, execution time: 0.1186 ms
Test 286 pass on GPU 5, execution time: 0.0904 ms
Test 287 pass on GPU 6, execution time: 0.1545 ms
Test 288 pass on GPU 7, execution time: 0.0849 ms
Test 289 pass on GPU 0, execution time: 0.1838 ms
Test 290 pass on GPU 1, execution time: 0.0690 ms
Test 291 pass on GPU 2, execution time: 0.1145 ms
Test 292 pass on GPU 3, execution time: 0.1246 ms
Test 293 pass on GPU 4, execution time: 0.1184 ms
Test 294 pass on GPU 5, execution time: 0.0901 ms
Test 295 pass on GPU 6, execution time: 0.1398 ms
Test 296 pass on GPU 7, execution time: 0.0796 ms
Test 297 pass on GPU 0, execution time: 0.1016 ms
Test 298 pass on GPU 1, execution time: 0.0719 ms
Test 299 pass on GPU 2, execution time: 0.0525 ms
Test 300 pass on GPU 3, execution time: 0.4446 ms
Test 301 pass on GPU 4, execution time: 0.0575 ms
Test 302 pass on GPU 5, execution time: 0.1324 ms
Test 303 pass on GPU 6, execution time: 0.0892 ms
Test 304 pass on GPU 7, execution time: 0.0978 ms
Test 305 pass on GPU 0, execution time: 0.0856 ms
Test 306 pass on GPU 1, execution time: 0.1156 ms
Test 307 pass on GPU 2, execution time: 0.0705 ms
Test 308 pass on GPU 3, execution time: 0.1950 ms
Test 309 pass on GPU 4, execution time: 0.0415 ms
Test 310 pass on GPU 5, execution time: 0.0780 ms
Test 311 pass on GPU 6, execution time: 0.0934 ms
Test 312 pass on GPU 7, execution time: 0.0821 ms
Test 313 pass on GPU 0, execution time: 0.0650 ms
Test 314 pass on GPU 1, execution time: 0.1377 ms
Test 315 pass on GPU 2, execution time: 0.0447 ms
Test 316 pass on GPU 3, execution time: 0.0681 ms
Test 317 pass on GPU 4, execution time: 0.0878 ms
Test 318 pass on GPU 5, execution time: 0.0923 ms
Test 319 pass on GPU 6, execution time: 0.0957 ms
Test 320 pass on GPU 7, execution time: 0.0754 ms
Test 321 pass on GPU 0, execution time: 0.0499 ms
Test 322 pass on GPU 1, execution time: 0.0787 ms
Test 323 pass on GPU 2, execution time: 0.0466 ms
Test 324 pass on GPU 3, execution time: 0.0465 ms
Test 325 pass on GPU 4, execution time: 0.0409 ms
Test 326 pass on GPU 5, execution time: 0.1049 ms
Test 327 pass on GPU 6, execution time: 0.0660 ms
Test 328 pass on GPU 7, execution time: 0.0885 ms
Test 329 pass on GPU 0, execution time: 0.0604 ms
Test 330 pass on GPU 1, execution time: 0.0734 ms
Test 331 pass on GPU 2, execution time: 0.0864 ms
Test 332 pass on GPU 3, execution time: 0.1125 ms
Test 333 pass on GPU 4, execution time: 0.0625 ms
Test 334 pass on GPU 5, execution time: 0.0737 ms
Test 335 pass on GPU 6, execution time: 0.1028 ms
Test 336 pass on GPU 7, execution time: 0.1031 ms
Test 337 pass on GPU 0, execution time: 0.0890 ms
Test 338 pass on GPU 1, execution time: 0.1129 ms
Test 339 pass on GPU 2, execution time: 0.1343 ms
Test 340 pass on GPU 3, execution time: 0.0590 ms
Test 341 pass on GPU 4, execution time: 0.1897 ms
Test 342 pass on GPU 5, execution time: 0.0444 ms
Test 343 pass on GPU 6, execution time: 0.0788 ms
Test 344 pass on GPU 7, execution time: 0.1044 ms
Test 345 pass on GPU 0, execution time: 0.0440 ms
Test 346 pass on GPU 1, execution time: 0.0633 ms
Test 347 pass on GPU 2, execution time: 0.1342 ms
Test 348 pass on GPU 3, execution time: 0.1380 ms
Test 349 pass on GPU 4, execution time: 0.9313 ms
Test 350 pass on GPU 5, execution time: 0.1759 ms
Test 351 pass on GPU 6, execution time: 0.3922 ms
Test 352 pass on GPU 7, execution time: 0.0578 ms
Test 353 pass on GPU 0, execution time: 0.0681 ms
Test 354 pass on GPU 1, execution time: 0.0629 ms
Test 355 pass on GPU 2, execution time: 0.2442 ms
Test 356 pass on GPU 3, execution time: 0.1509 ms
Test 357 pass on GPU 4, execution time: 0.1377 ms
Test 358 pass on GPU 5, execution time: 0.0875 ms
Test 359 pass on GPU 6, execution time: 0.1975 ms
Test 360 pass on GPU 7, execution time: 0.2165 ms
Test 361 pass on GPU 0, execution time: 0.1524 ms
Test 362 pass on GPU 1, execution time: 0.1601 ms
Test 363 pass on GPU 2, execution time: 0.8171 ms
Test 364 pass on GPU 3, execution time: 0.1799 ms
Test 365 pass on GPU 4, execution time: 0.1781 ms
Test 366 pass on GPU 5, execution time: 0.1525 ms
Test 367 pass on GPU 6, execution time: 0.0955 ms
Test 368 pass on GPU 7, execution time: 0.1517 ms
Test 369 pass on GPU 0, execution time: 0.2035 ms
Test 370 pass on GPU 1, execution time: 0.1037 ms
Test 371 pass on GPU 2, execution time: 0.3277 ms
Test 372 pass on GPU 3, execution time: 0.1003 ms
Test 373 pass on GPU 4, execution time: 0.1188 ms
Test 374 pass on GPU 5, execution time: 0.1082 ms
Test 375 pass on GPU 6, execution time: 0.1868 ms
Test 376 pass on GPU 7, execution time: 0.1073 ms
Test 377 pass on GPU 0, execution time: 0.1752 ms
Test 378 pass on GPU 1, execution time: 0.0868 ms
Test 379 pass on GPU 2, execution time: 0.1046 ms
Test 380 pass on GPU 3, execution time: 0.1238 ms
Test 381 pass on GPU 4, execution time: 0.1093 ms
Test 382 pass on GPU 5, execution time: 0.0868 ms
Test 383 pass on GPU 6, execution time: 0.1628 ms
Test 384 pass on GPU 7, execution time: 0.0838 ms
Test 385 pass on GPU 0, execution time: 0.0970 ms
Test 386 pass on GPU 1, execution time: 0.0409 ms
Test 387 pass on GPU 2, execution time: 0.0284 ms
Test 388 pass on GPU 3, execution time: 0.0977 ms
Test 389 pass on GPU 4, execution time: 0.1099 ms
Test 390 pass on GPU 5, execution time: 0.0623 ms
Test 391 pass on GPU 6, execution time: 0.0691 ms
Test 392 pass on GPU 7, execution time: 0.0657 ms
Test 393 pass on GPU 0, execution time: 0.0929 ms
Test 394 pass on GPU 1, execution time: 0.6860 ms
Test 395 pass on GPU 2, execution time: 0.6192 ms
Test 396 pass on GPU 3, execution time: 1.1742 ms
Test 397 pass on GPU 4, execution time: 0.1354 ms
Test 398 pass on GPU 5, execution time: 0.6383 ms
Test 399 pass on GPU 6, execution time: 0.7086 ms
Test 400 pass on GPU 7, execution time: 1.2294 ms
Test 401 pass on GPU 0, execution time: 0.1609 ms
Test 402 pass on GPU 1, execution time: 0.1346 ms
Test 403 pass on GPU 2, execution time: 1.3188 ms
Test 404 pass on GPU 3, execution time: 2.5926 ms
Test 405 pass on GPU 4, execution time: 1.4175 ms
Test 406 pass on GPU 5, execution time: 0.9688 ms
Test 407 pass on GPU 6, execution time: 1.8812 ms
Test 408 pass on GPU 7, execution time: 1.6347 ms
Test 409 pass on GPU 0, execution time: 0.0916 ms
Test 410 pass on GPU 1, execution time: 0.1056 ms
Test 411 pass on GPU 2, execution time: 0.0726 ms
Test 412 pass on GPU 3, execution time: 0.0836 ms
Test 413 pass on GPU 4, execution time: 0.1193 ms
Test 414 pass on GPU 5, execution time: 0.1198 ms
Test 415 pass on GPU 6, execution time: 0.3481 ms
Test 416 pass on GPU 7, execution time: 0.1925 ms
Test 417 pass on GPU 0, execution time: 0.3884 ms
Test 418 pass on GPU 1, execution time: 0.1423 ms
Test 419 pass on GPU 2, execution time: 0.3701 ms
Test 420 pass on GPU 3, execution time: 0.3196 ms
Test 421 pass on GPU 4, execution time: 0.3228 ms
Test 422 pass on GPU 5, execution time: 0.0998 ms
Test 423 pass on GPU 6, execution time: 0.2860 ms
Test 424 pass on GPU 7, execution time: 0.3537 ms
Test 425 pass on GPU 0, execution time: 0.3177 ms
Test 426 pass on GPU 1, execution time: 0.1595 ms
Test 427 pass on GPU 2, execution time: 0.1295 ms
Test 428 pass on GPU 3, execution time: 0.2671 ms
Test 429 pass on GPU 4, execution time: 0.3169 ms
Test 430 pass on GPU 5, execution time: 0.2842 ms
Test 431 pass on GPU 6, execution time: 0.2621 ms
Test 432 pass on GPU 7, execution time: 0.3004 ms
Test 433 pass on GPU 0, execution time: 0.3742 ms
Test 434 pass on GPU 1, execution time: 0.1354 ms
Test 435 pass on GPU 2, execution time: 0.3781 ms
Test 436 pass on GPU 3, execution time: 0.2639 ms
Test 437 pass on GPU 4, execution time: 0.3394 ms
Test 438 pass on GPU 5, execution time: 0.2388 ms
Test 439 pass on GPU 6, execution time: 0.3806 ms
Test 440 pass on GPU 7, execution time: 0.4057 ms
Test 441 pass on GPU 0, execution time: 0.3276 ms
Test 442 pass on GPU 1, execution time: 0.3327 ms
Test 443 pass on GPU 2, execution time: 0.5193 ms
Test 444 pass on GPU 3, execution time: 0.2546 ms
Test 445 pass on GPU 4, execution time: 0.1613 ms
Test 446 pass on GPU 5, execution time: 0.2003 ms
Test 447 pass on GPU 6, execution time: 0.2011 ms
Test 448 pass on GPU 7, execution time: 0.1270 ms
Test 449 pass on GPU 0, execution time: 0.3594 ms
Test 450 pass on GPU 1, execution time: 0.0950 ms
Test 451 pass on GPU 2, execution time: 0.1523 ms
Test 452 pass on GPU 3, execution time: 0.2108 ms
Test 453 pass on GPU 4, execution time: 0.1559 ms
Test 454 pass on GPU 5, execution time: 0.1532 ms
Test 455 pass on GPU 6, execution time: 0.4877 ms
Test 456 pass on GPU 7, execution time: 0.3352 ms
Test 457 pass on GPU 0, execution time: 0.3682 ms
Test 458 pass on GPU 1, execution time: 0.2432 ms
Test 459 pass on GPU 2, execution time: 0.3106 ms
Test 460 pass on GPU 3, execution time: 0.2260 ms
Test 461 pass on GPU 4, execution time: 0.2722 ms
Test 462 pass on GPU 5, execution time: 0.2111 ms
Test 463 pass on GPU 6, execution time: 0.2022 ms
Test 464 pass on GPU 7, execution time: 0.3760 ms
Test 465 pass on GPU 0, execution time: 0.2479 ms
Test 466 pass on GPU 1, execution time: 0.2877 ms
Test 467 pass on GPU 2, execution time: 0.0926 ms
Test 468 pass on GPU 3, execution time: 0.1961 ms
Test 469 pass on GPU 4, execution time: 0.7047 ms
Test 470 pass on GPU 5, execution time: 15.8511 ms
Test 471 pass on GPU 6, execution time: 0.5173 ms
Test 472 pass on GPU 7, execution time: 2.1139 ms
Test 473 pass on GPU 0, execution time: 1.0193 ms
Test 474 pass on GPU 1, execution time: 0.8880 ms
Test 475 pass on GPU 2, execution time: 1.0436 ms
Test 476 pass on GPU 3, execution time: 2.6228 ms
Test 477 pass on GPU 4, execution time: 0.7296 ms
Test 478 pass on GPU 5, execution time: 9.8250 ms
Test 479 pass on GPU 6, execution time: 0.5658 ms
Test 480 pass on GPU 7, execution time: 1.2102 ms
Test 481 pass on GPU 0, execution time: 0.6699 ms
Test 482 pass on GPU 1, execution time: 1.3025 ms
Test 483 pass on GPU 2, execution time: 1.0944 ms
Test 484 pass on GPU 3, execution time: 2.3373 ms
Test 485 pass on GPU 4, execution time: 0.7904 ms
Test 486 pass on GPU 5, execution time: 6.1870 ms
Test 487 pass on GPU 6, execution time: 1.5689 ms
Test 488 pass on GPU 7, execution time: 0.9455 ms
Test 489 pass on GPU 0, execution time: 1.6927 ms
Test 490 pass on GPU 1, execution time: 1.4169 ms
Test 491 pass on GPU 2, execution time: 1.5716 ms
Test 492 pass on GPU 3, execution time: 0.7262 ms
Test 493 pass on GPU 4, execution time: 0.8608 ms
Test 494 pass on GPU 5, execution time: 1.0067 ms
Test 495 pass on GPU 6, execution time: 0.3768 ms
Test 496 pass on GPU 7, execution time: 0.0303 ms
Test 497 pass on GPU 0, execution time: 0.1368 ms
Test 498 pass on GPU 1, execution time: 0.0752 ms
Test 499 pass on GPU 2, execution time: 0.4634 ms
Test 500 pass on GPU 3, execution time: 0.3039 ms
Test 501 pass on GPU 4, execution time: 0.3032 ms
Test 502 pass on GPU 5, execution time: 0.7451 ms
Test 503 pass on GPU 6, execution time: 0.2292 ms
Test 504 pass on GPU 7, execution time: 0.1054 ms
Test 505 pass on GPU 0, execution time: 13.2552 ms
Test 506 pass on GPU 1, execution time: 4.6545 ms
Test 507 pass on GPU 2, execution time: 3.1486 ms
Test 508 pass on GPU 3, execution time: 0.1875 ms
Test 509 pass on GPU 4, execution time: 0.0463 ms
Test 510 pass on GPU 5, execution time: 0.1252 ms
Test 511 pass on GPU 6, execution time: 0.0831 ms
Test 512 pass on GPU 7, execution time: 0.4090 ms
Test 513 pass on GPU 0, execution time: 3.8036 ms
Test 514 pass on GPU 1, execution time: 0.3601 ms
Test 515 pass on GPU 2, execution time: 0.2456 ms
Test 516 pass on GPU 3, execution time: 3.4627 ms
Test 517 pass on GPU 4, execution time: 5.9697 ms
Test 518 pass on GPU 5, execution time: 5.5059 ms
Test 519 pass on GPU 6, execution time: 7.4035 ms
Test 520 pass on GPU 7, execution time: 14.8511 ms
Test 521 pass on GPU 0, execution time: 23.9356 ms
Test 522 pass on GPU 1, execution time: 0.3090 ms
Test 523 pass on GPU 2, execution time: 0.0939 ms
Test 524 pass on GPU 3, execution time: 0.2615 ms
Test 525 pass on GPU 4, execution time: 0.2926 ms
Test 526 pass on GPU 5, execution time: 0.0561 ms
Test 527 pass on GPU 6, execution time: 0.0509 ms
Test 528 pass on GPU 7, execution time: 0.3195 ms
Test 529 pass on GPU 0, execution time: 2.7369 ms
Test 530 pass on GPU 1, execution time: 0.2784 ms
Test 531 pass on GPU 2, execution time: 0.8016 ms
Test 532 pass on GPU 3, execution time: 0.2182 ms
Test 533 pass on GPU 4, execution time: 0.7959 ms
Test 534 pass on GPU 5, execution time: 0.0777 ms
Test 535 pass on GPU 6, execution time: 0.0871 ms
Test 536 pass on GPU 7, execution time: 0.0071 ms
Test 537 pass on GPU 0, execution time: 0.2202 ms
Test 538 pass on GPU 1, execution time: 0.1490 ms
Test 539 pass on GPU 2, execution time: 0.1677 ms
Test 540 pass on GPU 3, execution time: 0.2341 ms
Test 541 pass on GPU 4, execution time: 0.2399 ms
Test 542 pass on GPU 5, execution time: 0.5735 ms
Test 543 pass on GPU 6, execution time: 1.0568 ms
Test 544 pass on GPU 7, execution time: 1.5376 ms
Test 545 pass on GPU 0, execution time: 1.7851 ms
Test 546 pass on GPU 1, execution time: 0.7167 ms
Test 547 pass on GPU 2, execution time: 0.7090 ms
Test 548 pass on GPU 3, execution time: 0.7085 ms
Test 549 pass on GPU 4, execution time: 2.0445 ms
Test 550 pass on GPU 5, execution time: 1.6237 ms
Test 551 pass on GPU 6, execution time: 1.3724 ms
Test 552 pass on GPU 7, execution time: 1.0508 ms
Test 553 pass on GPU 0, execution time: 1.6911 ms
Test 554 pass on GPU 1, execution time: 1.7312 ms
Test 555 pass on GPU 2, execution time: 1.9446 ms
Test 556 pass on GPU 3, execution time: 0.7867 ms
Test 557 pass on GPU 4, execution time: 0.9809 ms
Test 558 pass on GPU 5, execution time: 0.8601 ms
Test 559 pass on GPU 6, execution time: 0.8433 ms
Test 560 pass on GPU 7, execution time: 1.0388 ms
Test 561 pass on GPU 0, execution time: 1.8201 ms
Test 562 pass on GPU 1, execution time: 2.6803 ms
Test 563 pass on GPU 2, execution time: 2.1489 ms
Test 564 pass on GPU 3, execution time: 1.5095 ms
Test 565 pass on GPU 4, execution time: 1.2645 ms
Test 566 pass on GPU 5, execution time: 0.9031 ms
Test 567 pass on GPU 6, execution time: 0.6906 ms
Test 568 pass on GPU 7, execution time: 0.4554 ms
Test 569 pass on GPU 0, execution time: 0.5090 ms
Test 570 pass on GPU 1, execution time: 1.2212 ms
Test 571 pass on GPU 2, execution time: 1.1500 ms
Test 572 pass on GPU 3, execution time: 0.5633 ms
Test 573 pass on GPU 4, execution time: 0.5108 ms
Test 574 pass on GPU 5, execution time: 4.0413 ms
Test 575 pass on GPU 6, execution time: 2.5131 ms
Test 576 pass on GPU 7, execution time: 2.1156 ms
Test 577 pass on GPU 0, execution time: 1.0755 ms
Test 578 pass on GPU 1, execution time: 1.6707 ms
Test 579 pass on GPU 2, execution time: 0.1560 ms
Test 580 pass on GPU 3, execution time: 0.3441 ms
Test 581 pass on GPU 4, execution time: 0.3248 ms
Test 582 pass on GPU 5, execution time: 0.5840 ms
Test 583 pass on GPU 6, execution time: 0.2874 ms
Test 584 pass on GPU 7, execution time: 0.2431 ms
Test 585 pass on GPU 0, execution time: 0.1202 ms
Test 586 pass on GPU 1, execution time: 0.5925 ms
Test 587 pass on GPU 2, execution time: 0.1373 ms
Test 588 pass on GPU 3, execution time: 0.3224 ms
Test 589 pass on GPU 4, execution time: 0.6475 ms
Test 590 pass on GPU 5, execution time: 0.3094 ms
Test 591 pass on GPU 6, execution time: 0.4312 ms
Test 592 pass on GPU 7, execution time: 0.1368 ms
Test 593 pass on GPU 0, execution time: 0.1537 ms
Test 594 pass on GPU 1, execution time: 0.2119 ms
Test 595 pass on GPU 2, execution time: 0.2287 ms
Test 596 pass on GPU 3, execution time: 0.2630 ms
Test 597 pass on GPU 4, execution time: 0.4784 ms
Test 598 pass on GPU 5, execution time: 0.2956 ms
Test 599 pass on GPU 6, execution time: 0.2393 ms
Test 600 pass on GPU 7, execution time: 1.8526 ms
Test 601 pass on GPU 0, execution time: 0.5926 ms
Test 602 pass on GPU 1, execution time: 0.2227 ms
Test 603 pass on GPU 2, execution time: 0.2708 ms
Test 604 pass on GPU 3, execution time: 0.0672 ms
Test 605 pass on GPU 4, execution time: 0.5559 ms
Test 606 pass on GPU 5, execution time: 0.1039 ms
Test 607 pass on GPU 6, execution time: 0.1019 ms
Test 608 pass on GPU 7, execution time: 0.0712 ms
Test 609 pass on GPU 0, execution time: 0.0507 ms
Test 610 pass on GPU 1, execution time: 0.2170 ms
Test 611 pass on GPU 2, execution time: 0.2124 ms
Test 612 pass on GPU 3, execution time: 0.2185 ms
Test 613 pass on GPU 4, execution time: 0.4109 ms
Test 614 pass on GPU 5, execution time: 0.7046 ms
Test 615 pass on GPU 6, execution time: 0.0934 ms
Test 616 pass on GPU 7, execution time: 0.0626 ms
Test 617 pass on GPU 0, execution time: 0.0619 ms
Test 618 pass on GPU 1, execution time: 0.3070 ms
Test 619 pass on GPU 2, execution time: 0.1165 ms
Test 620 pass on GPU 3, execution time: 0.2456 ms
Test 621 pass on GPU 4, execution time: 0.3298 ms
Test 622 pass on GPU 5, execution time: 0.8752 ms
Test 623 pass on GPU 6, execution time: 0.3133 ms
Test 624 pass on GPU 7, execution time: 0.4816 ms
Test 625 pass on GPU 0, execution time: 0.2883 ms
Test 626 pass on GPU 1, execution time: 0.3736 ms
Test 627 pass on GPU 2, execution time: 0.5379 ms
Test 628 pass on GPU 3, execution time: 1.8391 ms
Test 629 pass on GPU 4, execution time: 0.2457 ms
Test 630 pass on GPU 5, execution time: 0.3027 ms
Test 631 pass on GPU 6, execution time: 0.2497 ms
Test 632 pass on GPU 7, execution time: 0.4643 ms
Test 633 pass on GPU 0, execution time: 0.1742 ms
Test 634 pass on GPU 1, execution time: 0.4590 ms
Test 635 pass on GPU 2, execution time: 0.3506 ms
Test 636 pass on GPU 3, execution time: 0.9246 ms
Test 637 pass on GPU 4, execution time: 0.2630 ms
Test 638 pass on GPU 5, execution time: 0.2427 ms
Test 639 pass on GPU 6, execution time: 0.2059 ms
Test 640 pass on GPU 7, execution time: 0.1917 ms
Test 641 pass on GPU 0, execution time: 0.2023 ms
Test 642 pass on GPU 1, execution time: 0.2434 ms
Test 643 pass on GPU 2, execution time: 0.1994 ms
Test 644 pass on GPU 3, execution time: 0.3048 ms
Test 645 pass on GPU 4, execution time: 0.3816 ms
Test 646 pass on GPU 5, execution time: 0.2796 ms
Test 647 pass on GPU 6, execution time: 0.4427 ms
Test 648 pass on GPU 7, execution time: 0.2460 ms
Test 649 pass on GPU 0, execution time: 0.4073 ms
Test 650 pass on GPU 1, execution time: 0.4621 ms
Test 651 pass on GPU 2, execution time: 0.3168 ms
Test 652 pass on GPU 3, execution time: 0.3125 ms
Test 653 pass on GPU 4, execution time: 0.2295 ms
Test 654 pass on GPU 5, execution time: 0.2756 ms
Test 655 pass on GPU 6, execution time: 0.6580 ms
Test 656 pass on GPU 7, execution time: 0.8678 ms
Test 657 pass on GPU 0, execution time: 2.0979 ms
Test 658 pass on GPU 1, execution time: 3.5221 ms
Test 659 pass on GPU 2, execution time: 0.2626 ms
Test 660 pass on GPU 3, execution time: 0.2368 ms
Test 661 pass on GPU 4, execution time: 0.2365 ms
Test 662 pass on GPU 5, execution time: 0.1902 ms
Test 663 pass on GPU 6, execution time: 0.5144 ms
Test 664 pass on GPU 7, execution time: 0.2485 ms
Test 665 pass on GPU 0, execution time: 0.2901 ms
Test 666 pass on GPU 1, execution time: 1.8403 ms
Test 667 pass on GPU 2, execution time: 0.3290 ms
Test 668 pass on GPU 3, execution time: 0.1233 ms
Test 669 pass on GPU 4, execution time: 0.2881 ms
Test 670 pass on GPU 5, execution time: 3.1148 ms
Test 671 pass on GPU 6, execution time: 0.2158 ms
Test 672 pass on GPU 7, execution time: 0.3166 ms
Test 673 pass on GPU 0, execution time: 0.2056 ms
Test 674 pass on GPU 1, execution time: 0.0856 ms
Test 675 pass on GPU 2, execution time: 0.1928 ms
Test 676 pass on GPU 3, execution time: 0.3154 ms
Test 677 pass on GPU 4, execution time: 0.7678 ms
Test 678 pass on GPU 5, execution time: 0.1213 ms
Test 679 pass on GPU 6, execution time: 0.9729 ms
Test 680 pass on GPU 7, execution time: 0.4298 ms
Test 681 pass on GPU 0, execution time: 0.6140 ms
Test 682 pass on GPU 1, execution time: 0.2554 ms
Test 683 pass on GPU 2, execution time: 0.1813 ms
Test 684 pass on GPU 3, execution time: 0.3546 ms
Test 685 pass on GPU 4, execution time: 0.4852 ms
Test 686 pass on GPU 5, execution time: 0.3123 ms
Test 687 pass on GPU 6, execution time: 0.6898 ms
Test 688 pass on GPU 7, execution time: 0.4578 ms
Test 689 pass on GPU 0, execution time: 2.5508 ms
Test 690 pass on GPU 1, execution time: 0.4925 ms
Test 691 pass on GPU 2, execution time: 0.6235 ms
Test 692 pass on GPU 3, execution time: 0.2260 ms
Test 693 pass on GPU 4, execution time: 0.2828 ms
Test 694 pass on GPU 5, execution time: 0.2851 ms
Test 695 pass on GPU 6, execution time: 0.4205 ms
Test 696 pass on GPU 7, execution time: 0.3255 ms
Test 697 pass on GPU 0, execution time: 0.0521 ms
Test 698 pass on GPU 1, execution time: 0.0828 ms
Test 699 pass on GPU 2, execution time: 2.1516 ms
Test 700 pass on GPU 3, execution time: 0.1106 ms
Test 701 pass on GPU 4, execution time: 0.1650 ms
Test 702 pass on GPU 5, execution time: 0.1559 ms
Test 703 pass on GPU 6, execution time: 0.1553 ms
Test 704 pass on GPU 7, execution time: 0.2274 ms
Test 705 pass on GPU 0, execution time: 0.3116 ms
Test 706 pass on GPU 1, execution time: 0.3116 ms
Test 707 pass on GPU 2, execution time: 0.3058 ms
Test 708 pass on GPU 3, execution time: 0.3384 ms
Test 709 pass on GPU 4, execution time: 0.3059 ms
Test 710 pass on GPU 5, execution time: 0.4349 ms
Test 711 pass on GPU 6, execution time: 0.1694 ms
Test 712 pass on GPU 7, execution time: 0.1700 ms
Test 713 pass on GPU 0, execution time: 0.2667 ms
Test 714 pass on GPU 1, execution time: 0.2850 ms
Test 715 pass on GPU 2, execution time: 0.3236 ms
Test 716 pass on GPU 3, execution time: 0.2889 ms
Test 717 pass on GPU 4, execution time: 0.2874 ms
Test 718 pass on GPU 5, execution time: 0.2879 ms
Test 719 pass on GPU 6, execution time: 0.1784 ms
Test 720 pass on GPU 7, execution time: 0.5336 ms
Test 721 pass on GPU 0, execution time: 0.3876 ms
Test 722 pass on GPU 1, execution time: 0.4482 ms
Test 723 pass on GPU 2, execution time: 0.1954 ms
Test 724 pass on GPU 3, execution time: 0.1817 ms
Test 725 pass on GPU 4, execution time: 0.9928 ms
Test 726 pass on GPU 5, execution time: 1.0424 ms
Test 727 pass on GPU 6, execution time: 1.0031 ms
Test 728 pass on GPU 7, execution time: 1.0424 ms
Test 729 pass on GPU 0, execution time: 1.0508 ms
Test 730 pass on GPU 1, execution time: 1.0111 ms
Test 731 pass on GPU 2, execution time: 0.2672 ms
Test 732 pass on GPU 3, execution time: 0.2863 ms
Test 733 pass on GPU 4, execution time: 0.2624 ms
Test 734 pass on GPU 5, execution time: 0.2703 ms
Test 735 pass on GPU 6, execution time: 0.2735 ms
Test 736 pass on GPU 7, execution time: 0.2631 ms
Test 737 pass on GPU 0, execution time: 1.0232 ms
Test 738 pass on GPU 1, execution time: 1.0484 ms
Test 739 pass on GPU 2, execution time: 1.0284 ms
Test 740 pass on GPU 3, execution time: 1.0544 ms
Test 741 pass on GPU 4, execution time: 1.0403 ms
Test 742 pass on GPU 5, execution time: 1.0202 ms
Test 743 pass on GPU 6, execution time: 0.2485 ms
Test 744 pass on GPU 7, execution time: 0.4653 ms
Test 745 pass on GPU 0, execution time: 0.3617 ms
Test 746 pass on GPU 1, execution time: 0.2846 ms
Test 747 pass on GPU 2, execution time: 0.0529 ms
Test 748 pass on GPU 3, execution time: 0.1982 ms
Test 749 pass on GPU 4, execution time: 0.2657 ms
Test 750 pass on GPU 5, execution time: 0.2683 ms
Test 751 pass on GPU 6, execution time: 0.2828 ms
Test 752 pass on GPU 7, execution time: 0.2650 ms
Test 753 pass on GPU 0, execution time: 0.1033 ms
Test 754 pass on GPU 1, execution time: 0.1005 ms
Test 755 pass on GPU 2, execution time: 0.3207 ms
Test 756 pass on GPU 3, execution time: 0.1690 ms
Test 757 pass on GPU 4, execution time: 0.2045 ms
Test 758 pass on GPU 5, execution time: 0.1790 ms
Test 759 pass on GPU 6, execution time: 0.1032 ms
Test 760 pass on GPU 7, execution time: 0.1325 ms
Test 761 pass on GPU 0, execution time: 0.1809 ms
Test 762 pass on GPU 1, execution time: 0.1215 ms
Test 763 pass on GPU 2, execution time: 0.1220 ms
Test 764 pass on GPU 3, execution time: 0.0962 ms
Test 765 pass on GPU 4, execution time: 0.4164 ms
Test 766 pass on GPU 5, execution time: 0.2047 ms
Test 767 pass on GPU 6, execution time: 0.1605 ms
Test 768 pass on GPU 7, execution time: 0.1423 ms
Test 769 pass on GPU 0, execution time: 0.1562 ms
Test 770 pass on GPU 1, execution time: 0.2256 ms
Test 771 pass on GPU 2, execution time: 0.2636 ms
Test 772 pass on GPU 3, execution time: 0.2678 ms
Test 773 pass on GPU 4, execution time: 0.4772 ms
Test 774 pass on GPU 5, execution time: 0.4790 ms
Test 775 pass on GPU 6, execution time: 0.4802 ms
Test 776 pass on GPU 7, execution time: 0.4745 ms
Test 777 pass on GPU 0, execution time: 0.4761 ms
Test 778 pass on GPU 1, execution time: 0.4793 ms
Test 779 pass on GPU 2, execution time: 0.1704 ms
Test 780 pass on GPU 3, execution time: 0.1057 ms
Test 781 pass on GPU 4, execution time: 0.0734 ms
Test 782 pass on GPU 5, execution time: 0.2056 ms
Test 783 pass on GPU 6, execution time: 0.0971 ms
Test 784 pass on GPU 7, execution time: 0.1086 ms
Test 785 pass on GPU 0, execution time: 0.2233 ms
Test 786 pass on GPU 1, execution time: 0.2360 ms
Test 787 pass on GPU 2, execution time: 0.2395 ms
Test 788 pass on GPU 3, execution time: 0.2275 ms
Test 789 pass on GPU 4, execution time: 0.2295 ms
Test 790 pass on GPU 5, execution time: 0.2271 ms
Test 791 pass on GPU 6, execution time: 0.6201 ms
Test 792 pass on GPU 7, execution time: 0.6365 ms
Test 793 pass on GPU 0, execution time: 0.6345 ms
Test 794 pass on GPU 1, execution time: 0.6378 ms
Test 795 pass on GPU 2, execution time: 0.6276 ms
Test 796 pass on GPU 3, execution time: 0.6172 ms
Test 797 pass on GPU 4, execution time: 0.1383 ms
Test 798 pass on GPU 5, execution time: 0.0670 ms
Test 799 pass on GPU 6, execution time: 0.3381 ms
Test 800 pass on GPU 7, execution time: 0.1714 ms
Test 801 pass on GPU 0, execution time: 0.1014 ms
Test 802 pass on GPU 1, execution time: 0.1136 ms
Test 803 pass on GPU 2, execution time: 0.6975 ms
Test 804 pass on GPU 3, execution time: 0.7685 ms
Test 805 pass on GPU 4, execution time: 0.6984 ms
Test 806 pass on GPU 5, execution time: 0.7218 ms
Test 807 pass on GPU 6, execution time: 0.7217 ms
Test 808 pass on GPU 7, execution time: 0.6974 ms
Test 809 pass on GPU 0, execution time: 2.1511 ms
Test 810 pass on GPU 1, execution time: 2.1966 ms
Test 811 pass on GPU 2, execution time: 2.1873 ms
Test 812 pass on GPU 3, execution time: 2.2064 ms
Test 813 pass on GPU 4, execution time: 2.1862 ms
Test 814 pass on GPU 5, execution time: 2.1410 ms
Test 815 pass on GPU 6, execution time: 0.0377 ms
Test 816 pass on GPU 7, execution time: 0.0452 ms
Test 817 pass on GPU 0, execution time: 0.2169 ms
Test 818 pass on GPU 1, execution time: 0.0055 ms
Test 819 pass on GPU 2, execution time: 0.6709 ms
Test 820 pass on GPU 3, execution time: 0.0232 ms
Test 821 pass on GPU 4, execution time: 0.0285 ms
Test 822 pass on GPU 5, execution time: 0.0306 ms
Test 823 pass on GPU 6, execution time: 0.0374 ms
Test 824 pass on GPU 7, execution time: 0.0314 ms
Test 825 pass on GPU 0, execution time: 0.0847 ms
Test 826 pass on GPU 1, execution time: 0.0902 ms
Test 827 pass on GPU 2, execution time: 0.1060 ms
Test 828 pass on GPU 3, execution time: 0.0906 ms
Test 829 pass on GPU 4, execution time: 0.0796 ms
Test 830 pass on GPU 5, execution time: 0.0596 ms
Test 831 pass on GPU 6, execution time: 0.2266 ms
Test 832 pass on GPU 7, execution time: 0.2402 ms
Test 833 pass on GPU 0, execution time: 0.1062 ms
Test 834 pass on GPU 1, execution time: 0.1320 ms
Test 835 pass on GPU 2, execution time: 0.1213 ms
Test 836 pass on GPU 3, execution time: 0.1605 ms
Test 837 pass on GPU 4, execution time: 0.1716 ms
Test 838 pass on GPU 5, execution time: 0.1821 ms
Test 839 pass on GPU 6, execution time: 0.1440 ms
Test 840 pass on GPU 7, execution time: 0.1473 ms
Test 841 pass on GPU 0, execution time: 0.1568 ms
Test 842 pass on GPU 1, execution time: 0.2715 ms
Test 843 pass on GPU 2, execution time: 0.5577 ms
Test 844 pass on GPU 3, execution time: 0.6554 ms
Test 845 pass on GPU 4, execution time: 0.4049 ms
Test 846 pass on GPU 5, execution time: 0.4659 ms
Test 847 pass on GPU 6, execution time: 0.1250 ms
Test 848 pass on GPU 7, execution time: 0.1204 ms
Test 849 pass on GPU 0, execution time: 0.1421 ms
Test 850 pass on GPU 1, execution time: 0.2478 ms
Test 851 pass on GPU 2, execution time: 0.0651 ms
Test 852 pass on GPU 3, execution time: 0.0887 ms
Test 853 pass on GPU 4, execution time: 0.0837 ms
Test 854 pass on GPU 5, execution time: 0.1480 ms
Test 855 pass on GPU 6, execution time: 0.1642 ms
Test 856 pass on GPU 7, execution time: 0.2578 ms
Test 857 pass on GPU 0, execution time: 0.1093 ms
Test 858 pass on GPU 1, execution time: 0.1382 ms
Test 859 pass on GPU 2, execution time: 0.1901 ms
Test 860 pass on GPU 3, execution time: 0.1326 ms
Test 861 pass on GPU 4, execution time: 0.1811 ms
Test 862 pass on GPU 5, execution time: 0.2378 ms
Test 863 pass on GPU 6, execution time: 0.1406 ms
Test 864 pass on GPU 7, execution time: 0.1135 ms
Test 865 pass on GPU 0, execution time: 0.2411 ms
Test 866 pass on GPU 1, execution time: 0.2719 ms
Test 867 pass on GPU 2, execution time: 0.0951 ms
Test 868 pass on GPU 3, execution time: 0.1353 ms
Test 869 pass on GPU 4, execution time: 0.2970 ms
Test 870 pass on GPU 5, execution time: 0.5365 ms
Test 871 pass on GPU 6, execution time: 0.1067 ms
Test 872 pass on GPU 7, execution time: 0.1463 ms
Test 873 pass on GPU 0, execution time: 0.0883 ms
Test 874 pass on GPU 1, execution time: 0.1127 ms
Test 875 pass on GPU 2, execution time: 0.0868 ms
Test 876 pass on GPU 3, execution time: 0.0691 ms
Test 877 pass on GPU 4, execution time: 0.0270 ms
Test 878 pass on GPU 5, execution time: 0.0078 ms
Test 879 pass on GPU 6, execution time: 0.1843 ms
Test 880 pass on GPU 7, execution time: 0.2237 ms
Test 881 pass on GPU 0, execution time: 0.0515 ms
Test 882 pass on GPU 1, execution time: 0.1703 ms
Test 883 pass on GPU 2, execution time: 0.1057 ms
Test 884 pass on GPU 3, execution time: 0.0923 ms
Test 885 pass on GPU 4, execution time: 0.1006 ms
Test 886 pass on GPU 5, execution time: 0.1203 ms
Test 887 pass on GPU 6, execution time: 0.1494 ms
Test 888 pass on GPU 7, execution time: 0.2114 ms
Test 889 pass on GPU 0, execution time: 0.1711 ms
Test 890 pass on GPU 1, execution time: 0.2529 ms
Test 891 pass on GPU 2, execution time: 0.2125 ms
Test 892 pass on GPU 3, execution time: 0.3119 ms
Test 893 pass on GPU 4, execution time: 0.1975 ms
Test 894 pass on GPU 5, execution time: 0.3469 ms
Test 895 pass on GPU 6, execution time: 0.3532 ms
Test 896 pass on GPU 7, execution time: 0.6954 ms
Test 897 pass on GPU 0, execution time: 0.3919 ms
Test 898 pass on GPU 1, execution time: 0.8353 ms
Test 899 pass on GPU 2, execution time: 0.4372 ms
Test 900 pass on GPU 3, execution time: 0.9896 ms
Test 901 pass on GPU 4, execution time: 0.5384 ms
Test 902 pass on GPU 5, execution time: 1.3391 ms
Test 903 pass on GPU 6, execution time: 0.0606 ms
Test 904 pass on GPU 7, execution time: 0.0612 ms
Test 905 pass on GPU 0, execution time: 0.0893 ms
Test 906 pass on GPU 1, execution time: 0.0846 ms
Test 907 pass on GPU 2, execution time: 0.4082 ms
Test 908 pass on GPU 3, execution time: 0.4962 ms
Test 909 pass on GPU 4, execution time: 0.5785 ms
Test 910 pass on GPU 5, execution time: 0.6999 ms
Test 911 pass on GPU 6, execution time: 0.3528 ms
Test 912 pass on GPU 7, execution time: 0.4332 ms
Test 913 pass on GPU 0, execution time: 0.2682 ms
Test 914 pass on GPU 1, execution time: 0.3140 ms
Test 915 pass on GPU 2, execution time: 0.3238 ms
Test 916 pass on GPU 3, execution time: 0.2231 ms
Test 917 pass on GPU 4, execution time: 0.1040 ms
Test 918 pass on GPU 5, execution time: 0.0053 ms
Test 919 pass on GPU 6, execution time: 0.1067 ms
Test 920 pass on GPU 7, execution time: 0.1429 ms
Test 921 pass on GPU 0, execution time: 0.0642 ms
Test 922 pass on GPU 1, execution time: 0.0608 ms
Test 923 pass on GPU 2, execution time: 0.1351 ms
Test 924 pass on GPU 3, execution time: 0.1505 ms
Test 925 pass on GPU 4, execution time: 0.2356 ms
Test 926 pass on GPU 5, execution time: 0.2449 ms
Test 927 pass on GPU 6, execution time: 0.0445 ms
Test 928 pass on GPU 7, execution time: 0.0937 ms
Test 929 pass on GPU 0, execution time: 0.1056 ms
Test 930 pass on GPU 1, execution time: 0.1157 ms
Test 931 pass on GPU 2, execution time: 0.1038 ms
Test 932 pass on GPU 3, execution time: 0.1530 ms
Test 933 pass on GPU 4, execution time: 0.1474 ms
Test 934 pass on GPU 5, execution time: 0.2746 ms
Test 935 pass on GPU 6, execution time: 0.1420 ms
Test 936 pass on GPU 7, execution time: 0.1285 ms
Test 937 pass on GPU 0, execution time: 0.1268 ms
Test 938 pass on GPU 1, execution time: 0.1673 ms
Test 939 pass on GPU 2, execution time: 0.1716 ms
Test 940 pass on GPU 3, execution time: 0.2534 ms
Test 941 pass on GPU 4, execution time: 0.4682 ms
Test 942 pass on GPU 5, execution time: 0.5072 ms
Test 943 pass on GPU 6, execution time: 0.6531 ms
Test 944 pass on GPU 7, execution time: 0.1040 ms
Test 945 pass on GPU 0, execution time: 0.1075 ms
Test 946 pass on GPU 1, execution time: 0.1505 ms
Test 947 pass on GPU 2, execution time: 0.0502 ms
Test 948 pass on GPU 3, execution time: 0.0473 ms
Test 949 pass on GPU 4, execution time: 0.0525 ms
Test 950 pass on GPU 5, execution time: 0.0302 ms
Test 951 pass on GPU 6, execution time: 0.0140 ms
Test 952 pass on GPU 7, execution time: 0.1040 ms
Test 953 pass on GPU 0, execution time: 0.1112 ms
Test 954 pass on GPU 1, execution time: 0.1746 ms
Test 955 pass on GPU 2, execution time: 0.1345 ms
Test 956 pass on GPU 3, execution time: 0.1511 ms
Test 957 pass on GPU 4, execution time: 0.0822 ms
Test 958 pass on GPU 5, execution time: 0.0811 ms
Test 959 pass on GPU 6, execution time: 0.2023 ms
Test 960 pass on GPU 7, execution time: 0.1196 ms
Test 961 pass on GPU 0, execution time: 0.1219 ms
Test 962 pass on GPU 1, execution time: 0.1507 ms
Test 963 pass on GPU 2, execution time: 0.1770 ms
Test 964 pass on GPU 3, execution time: 0.2216 ms
Test 965 pass on GPU 4, execution time: 0.1161 ms
Test 966 pass on GPU 5, execution time: 0.1214 ms
Test 967 pass on GPU 6, execution time: 0.2774 ms
Test 968 pass on GPU 7, execution time: 0.2895 ms
Test 969 pass on GPU 0, execution time: 0.1265 ms
Test 970 pass on GPU 1, execution time: 0.4364 ms
Test 971 pass on GPU 2, execution time: 0.1648 ms
Test 972 pass on GPU 3, execution time: 0.2708 ms
Test 973 pass on GPU 4, execution time: 0.1663 ms
Test 974 pass on GPU 5, execution time: 0.2782 ms
Test 975 pass on GPU 6, execution time: 0.1898 ms
Test 976 pass on GPU 7, execution time: 0.3201 ms
Test 977 pass on GPU 0, execution time: 0.3946 ms
Test 978 pass on GPU 1, execution time: 0.9998 ms
Test 979 pass on GPU 2, execution time: 0.4143 ms
Test 980 pass on GPU 3, execution time: 1.0500 ms
Test 981 pass on GPU 4, execution time: 0.5131 ms
Test 982 pass on GPU 5, execution time: 1.2443 ms
Test 983 pass on GPU 6, execution time: 0.0666 ms
Test 984 pass on GPU 7, execution time: 0.0819 ms
Test 985 pass on GPU 0, execution time: 0.0833 ms
Test 986 pass on GPU 1, execution time: 0.5930 ms
Test 987 pass on GPU 2, execution time: 0.5328 ms
Test 988 pass on GPU 3, execution time: 0.7157 ms
Test 989 pass on GPU 4, execution time: 0.3161 ms
Test 990 pass on GPU 5, execution time: 0.6447 ms
Test 991 pass on GPU 6, execution time: 0.4046 ms
Test 992 pass on GPU 7, execution time: 0.2821 ms
Test 993 pass on GPU 0, execution time: 0.2429 ms
Test 994 pass on GPU 1, execution time: 0.1974 ms
Test 995 pass on GPU 2, execution time: 0.2672 ms
Test 996 pass on GPU 3, execution time: 0.2842 ms
Test 997 pass on GPU 4, execution time: 0.5957 ms
Test 998 pass on GPU 5, execution time: 0.1429 ms
Test 999 pass on GPU 6, execution time: 0.1114 ms
Test 1000 pass on GPU 7, execution time: 0.1455 ms
Test 1001 pass on GPU 0, execution time: 0.2752 ms
Test 1002 pass on GPU 1, execution time: 0.3504 ms
Test 1003 pass on GPU 2, execution time: 0.2937 ms
Test 1004 pass on GPU 3, execution time: 0.2367 ms
Test 1005 pass on GPU 4, execution time: 0.2596 ms
Test 1006 pass on GPU 5, execution time: 0.3640 ms
Test 1007 pass on GPU 6, execution time: 0.2001 ms
Test 1008 pass on GPU 7, execution time: 0.1622 ms
Test 1009 pass on GPU 0, execution time: 0.1294 ms
Test 1010 pass on GPU 1, execution time: 0.1287 ms
Test 1011 pass on GPU 2, execution time: 0.2766 ms
Test 1012 pass on GPU 3, execution time: 0.0575 ms
Test 1013 pass on GPU 4, execution time: 0.0859 ms
Test 1014 pass on GPU 5, execution time: 0.2323 ms
Test 1015 pass on GPU 6, execution time: 0.0712 ms
Test 1016 pass on GPU 7, execution time: 0.2391 ms
Test 1017 pass on GPU 0, execution time: 0.1442 ms
Test 1018 pass on GPU 1, execution time: 0.1872 ms
Test 1019 pass on GPU 2, execution time: 0.1019 ms
Test 1020 pass on GPU 3, execution time: 0.1528 ms
Test 1021 pass on GPU 4, execution time: 0.1224 ms
Test 1022 pass on GPU 5, execution time: 0.0385 ms
Test 1023 pass on GPU 6, execution time: 0.0749 ms
Test 1024 pass on GPU 7, execution time: 0.0961 ms
Test 1025 pass on GPU 0, execution time: 0.1778 ms
Test 1026 pass on GPU 1, execution time: 0.1722 ms
Test 1027 pass on GPU 2, execution time: 0.1760 ms
Test 1028 pass on GPU 3, execution time: 0.1560 ms
Test 1029 pass on GPU 4, execution time: 0.3122 ms
Test 1030 pass on GPU 5, execution time: 0.1942 ms
Test 1031 pass on GPU 6, execution time: 0.0314 ms
Test 1032 pass on GPU 7, execution time: 0.1063 ms
Test 1033 pass on GPU 0, execution time: 0.0836 ms
Test 1034 pass on GPU 1, execution time: 0.2072 ms
Test 1035 pass on GPU 2, execution time: 0.1904 ms
Test 1036 pass on GPU 3, execution time: 0.2006 ms
Test 1037 pass on GPU 4, execution time: 0.2662 ms
Test 1038 pass on GPU 5, execution time: 0.5235 ms
Test 1039 pass on GPU 6, execution time: 0.3168 ms
Test 1040 pass on GPU 7, execution time: 0.2854 ms
Test 1041 pass on GPU 0, execution time: 0.6508 ms
Test 1042 pass on GPU 1, execution time: 0.7321 ms
Test 1043 pass on GPU 2, execution time: 0.3216 ms
Test 1044 pass on GPU 3, execution time: 0.5892 ms
Test 1045 pass on GPU 4, execution time: 0.3778 ms
Test 1046 pass on GPU 5, execution time: 0.4510 ms
Test 1047 pass on GPU 6, execution time: 0.4438 ms
Test 1048 pass on GPU 7, execution time: 0.5739 ms
Test 1049 pass on GPU 0, execution time: 0.6761 ms
Test 1050 pass on GPU 1, execution time: 0.7208 ms
Test 1051 pass on GPU 2, execution time: 0.7214 ms
Test 1052 pass on GPU 3, execution time: 0.6342 ms
Test 1053 pass on GPU 4, execution time: 0.7697 ms
Test 1054 pass on GPU 5, execution time: 0.6823 ms
Test 1055 pass on GPU 6, execution time: 0.5746 ms
Test 1056 pass on GPU 7, execution time: 1.3802 ms
Test 1057 pass on GPU 0, execution time: 0.9219 ms
Test 1058 pass on GPU 1, execution time: 1.5369 ms
Test 1059 pass on GPU 2, execution time: 0.7546 ms
Test 1060 pass on GPU 3, execution time: 0.6644 ms
Test 1061 pass on GPU 4, execution time: 0.2472 ms
Test 1062 pass on GPU 5, execution time: 0.1756 ms
Test 1063 pass on GPU 6, execution time: 0.0435 ms
Test 1064 pass on GPU 7, execution time: 0.2912 ms
Test 1065 pass on GPU 0, execution time: 0.2018 ms
Test 1066 pass on GPU 1, execution time: 0.1995 ms
Test 1067 pass on GPU 2, execution time: 0.2280 ms
Test 1068 pass on GPU 3, execution time: 0.1987 ms
Test 1069 pass on GPU 4, execution time: 0.1237 ms
Test 1070 pass on GPU 5, execution time: 0.1387 ms
Test 1071 pass on GPU 6, execution time: 0.0605 ms
Test 1072 pass on GPU 7, execution time: 0.0599 ms
Test 1073 pass on GPU 0, execution time: 0.1848 ms
Test 1074 pass on GPU 1, execution time: 0.2794 ms
Test 1075 pass on GPU 2, execution time: 0.1906 ms
Test 1076 pass on GPU 3, execution time: 0.2159 ms
Test 1077 pass on GPU 4, execution time: 0.1588 ms
Test 1078 pass on GPU 5, execution time: 0.1349 ms
Test 1079 pass on GPU 6, execution time: 0.1128 ms
Test 1080 pass on GPU 7, execution time: 0.1563 ms
Test 1081 pass on GPU 0, execution time: 0.1347 ms
Test 1082 pass on GPU 1, execution time: 0.2697 ms
Test 1083 pass on GPU 2, execution time: 0.1502 ms
Test 1084 pass on GPU 3, execution time: 0.2331 ms
Test 1085 pass on GPU 4, execution time: 0.0691 ms
Test 1086 pass on GPU 5, execution time: 0.0784 ms
Test 1087 pass on GPU 6, execution time: 0.0977 ms
Test 1088 pass on GPU 7, execution time: 0.8648 ms
Test 1089 pass on GPU 0, execution time: 0.9344 ms
Test 1090 pass on GPU 1, execution time: 0.9706 ms
Test 1091 pass on GPU 2, execution time: 1.5732 ms
Test 1092 pass on GPU 3, execution time: 1.5524 ms
Test 1093 pass on GPU 4, execution time: 1.8083 ms
Test 1094 pass on GPU 5, execution time: 0.9614 ms
Test 1095 pass on GPU 6, execution time: 1.0194 ms
Test 1096 pass on GPU 7, execution time: 1.0200 ms
Test 1097 pass on GPU 0, execution time: 1.7799 ms
Test 1098 pass on GPU 1, execution time: 1.8714 ms
Test 1099 pass on GPU 2, execution time: 1.9236 ms
Test 1100 pass on GPU 3, execution time: 1.0387 ms
Test 1101 pass on GPU 4, execution time: 1.1096 ms
Test 1102 pass on GPU 5, execution time: 1.1178 ms
Test 1103 pass on GPU 6, execution time: 1.9195 ms
Test 1104 pass on GPU 7, execution time: 2.2446 ms
Test 1105 pass on GPU 0, execution time: 2.2071 ms
Test 1106 pass on GPU 1, execution time: 0.8522 ms
Test 1107 pass on GPU 2, execution time: 0.8376 ms
Test 1108 pass on GPU 3, execution time: 4.4675 ms
Test 1109 pass on GPU 4, execution time: 1.4163 ms
Test 1110 pass on GPU 5, execution time: 1.4040 ms
Test 1111 pass on GPU 6, execution time: 2.3120 ms
Test 1112 pass on GPU 7, execution time: 3.3183 ms
Test 1113 pass on GPU 0, execution time: 5.2433 ms
Test 1114 pass on GPU 1, execution time: 3.4463 ms
Test 1115 pass on GPU 2, execution time: 3.6435 ms
Test 1116 pass on GPU 3, execution time: 7.8990 ms
Test 1117 pass on GPU 4, execution time: 3.7884 ms
Test 1118 pass on GPU 5, execution time: 3.9700 ms
Test 1119 pass on GPU 6, execution time: 5.8697 ms
Test 1120 pass on GPU 7, execution time: 4.1327 ms
Test 1121 pass on GPU 0, execution time: 2.9966 ms
Test 1122 pass on GPU 1, execution time: 4.3395 ms
Test 1123 pass on GPU 2, execution time: 4.4247 ms
Test 1124 pass on GPU 3, execution time: 3.3147 ms
Test 1125 pass on GPU 4, execution time: 1.5750 ms
Test 1126 pass on GPU 5, execution time: 1.2444 ms
Test 1127 pass on GPU 6, execution time: 0.6626 ms
Test 1128 pass on GPU 7, execution time: 0.6846 ms
Test 1129 pass on GPU 0, execution time: 0.5737 ms
Test 1130 pass on GPU 1, execution time: 2.1123 ms
Test 1131 pass on GPU 2, execution time: 1.8603 ms
Test 1132 pass on GPU 3, execution time: 1.4850 ms
Test 1133 pass on GPU 4, execution time: 0.6498 ms
Test 1134 pass on GPU 5, execution time: 0.7545 ms
Test 1135 pass on GPU 6, execution time: 0.6297 ms
Test 1136 pass on GPU 7, execution time: 2.0300 ms
Test 1137 pass on GPU 0, execution time: 1.9723 ms
Test 1138 pass on GPU 1, execution time: 1.5630 ms
Test 1139 pass on GPU 2, execution time: 0.7070 ms
Test 1140 pass on GPU 3, execution time: 0.8120 ms
Test 1141 pass on GPU 4, execution time: 0.6819 ms
Test 1142 pass on GPU 5, execution time: 1.5380 ms
Test 1143 pass on GPU 6, execution time: 1.4212 ms
Test 1144 pass on GPU 7, execution time: 4.5605 ms
Test 1145 pass on GPU 0, execution time: 0.5371 ms
Test 1146 pass on GPU 1, execution time: 0.6237 ms
Test 1147 pass on GPU 2, execution time: 0.5281 ms
Test 1148 pass on GPU 3, execution time: 0.0426 ms
Test 1149 pass on GPU 4, execution time: 0.0387 ms
Test 1150 pass on GPU 5, execution time: 0.0329 ms
Test 1151 pass on GPU 6, execution time: 0.1264 ms
Test 1152 pass on GPU 7, execution time: 0.0039 ms
Test 1153 pass on GPU 0, execution time: 0.0796 ms
Test 1154 pass on GPU 1, execution time: 0.0747 ms
Test 1155 pass on GPU 2, execution time: 0.1162 ms
Test 1156 pass on GPU 3, execution time: 0.0737 ms
Test 1157 pass on GPU 4, execution time: 0.3464 ms
Test 1158 pass on GPU 5, execution time: 0.0615 ms
Test 1159 pass on GPU 6, execution time: 0.0510 ms
Test 1160 pass on GPU 7, execution time: 0.0807 ms
Test 1161 pass on GPU 0, execution time: 0.0381 ms
Test 1162 pass on GPU 1, execution time: 0.1010 ms
Test 1163 pass on GPU 2, execution time: 0.0462 ms
Test 1164 pass on GPU 3, execution time: 0.0415 ms
Test 1165 pass on GPU 4, execution time: 0.0864 ms
Test 1166 pass on GPU 5, execution time: 0.0396 ms
Test 1167 pass on GPU 6, execution time: 0.1006 ms
Test 1168 pass on GPU 7, execution time: 0.5209 ms
Test 1169 pass on GPU 0, execution time: 0.0248 ms
Test 1170 pass on GPU 1, execution time: 0.0387 ms
Test 1171 pass on GPU 2, execution time: 0.0905 ms
Test 1172 pass on GPU 3, execution time: 0.0700 ms
Test 1173 pass on GPU 4, execution time: 0.1294 ms
Test 1174 pass on GPU 5, execution time: 0.1301 ms
Test 1175 pass on GPU 6, execution time: 0.0341 ms
Test 1176 pass on GPU 7, execution time: 0.4697 ms
Test 1177 pass on GPU 0, execution time: 0.0327 ms
Test 1178 pass on GPU 1, execution time: 0.0599 ms
Test 1179 pass on GPU 2, execution time: 0.0605 ms
Test 1180 pass on GPU 3, execution time: 0.0331 ms
Test 1181 pass on GPU 4, execution time: 0.0830 ms
Test 1182 pass on GPU 5, execution time: 0.0673 ms
Test 1183 pass on GPU 6, execution time: 0.0732 ms
Test 1184 pass on GPU 7, execution time: 0.5617 ms
Test 1185 pass on GPU 0, execution time: 1.5338 ms
Test 1186 pass on GPU 1, execution time: 1.1583 ms
Test 1187 pass on GPU 2, execution time: 0.5126 ms
Test 1188 pass on GPU 3, execution time: 1.8623 ms
Test 1189 pass on GPU 4, execution time: 1.2747 ms
Test 1190 pass on GPU 5, execution time: 0.5529 ms
Test 1191 pass on GPU 6, execution time: 1.9234 ms
Test 1192 pass on GPU 7, execution time: 1.3853 ms
Test 1193 pass on GPU 0, execution time: 0.4174 ms
Test 1194 pass on GPU 1, execution time: 1.5764 ms
Test 1195 pass on GPU 2, execution time: 1.0463 ms
Test 1196 pass on GPU 3, execution time: 1.7908 ms
Test 1197 pass on GPU 4, execution time: 0.6814 ms
Test 1198 pass on GPU 5, execution time: 2.1473 ms
Test 1199 pass on GPU 6, execution time: 0.7265 ms
Test 1200 pass on GPU 7, execution time: 0.7196 ms
Test 1201 pass on GPU 0, execution time: 0.6874 ms
Test 1202 pass on GPU 1, execution time: 1.7722 ms
Test 1203 pass on GPU 2, execution time: 0.7426 ms
Test 1204 pass on GPU 3, execution time: 2.2550 ms
Test 1205 pass on GPU 4, execution time: 0.7972 ms
Test 1206 pass on GPU 5, execution time: 0.7887 ms
Test 1207 pass on GPU 6, execution time: 0.7526 ms
Test 1208 pass on GPU 7, execution time: 1.8239 ms
Test 1209 pass on GPU 0, execution time: 0.8159 ms
Test 1210 pass on GPU 1, execution time: 2.5648 ms
Test 1211 pass on GPU 2, execution time: 0.8662 ms
Test 1212 pass on GPU 3, execution time: 0.8589 ms
Test 1213 pass on GPU 4, execution time: 0.8191 ms
Test 1214 pass on GPU 5, execution time: 1.2444 ms
Test 1215 pass on GPU 6, execution time: 0.6142 ms
Test 1216 pass on GPU 7, execution time: 1.9515 ms
Test 1217 pass on GPU 0, execution time: 0.6552 ms
Test 1218 pass on GPU 1, execution time: 0.6506 ms
Test 1219 pass on GPU 2, execution time: 0.6238 ms
Test 1220 pass on GPU 3, execution time: 0.0172 ms
Test 1221 pass on GPU 4, execution time: 0.0372 ms
Test 1222 pass on GPU 5, execution time: 0.0337 ms
Test 1223 pass on GPU 6, execution time: 0.0297 ms
Test 1224 pass on GPU 7, execution time: 0.1211 ms
Test 1225 pass on GPU 0, execution time: 0.0465 ms
Test 1226 pass on GPU 1, execution time: 0.0568 ms
Test 1227 pass on GPU 2, execution time: 0.0404 ms
Test 1228 pass on GPU 3, execution time: 0.0604 ms
Test 1229 pass on GPU 4, execution time: 0.0489 ms
Test 1230 pass on GPU 5, execution time: 0.0600 ms
Test 1231 pass on GPU 6, execution time: 0.0525 ms
Test 1232 pass on GPU 7, execution time: 0.4905 ms
Test 1233 pass on GPU 0, execution time: 0.5011 ms
Test 1234 pass on GPU 1, execution time: 0.5063 ms
Test 1235 pass on GPU 2, execution time: 0.7858 ms
Test 1236 pass on GPU 3, execution time: 0.7842 ms
Test 1237 pass on GPU 4, execution time: 0.9237 ms
Test 1238 pass on GPU 5, execution time: 0.5401 ms
Test 1239 pass on GPU 6, execution time: 0.5473 ms
Test 1240 pass on GPU 7, execution time: 0.5539 ms
Test 1241 pass on GPU 0, execution time: 0.8637 ms
Test 1242 pass on GPU 1, execution time: 0.8607 ms
Test 1243 pass on GPU 2, execution time: 0.9706 ms
Test 1244 pass on GPU 3, execution time: 0.5854 ms
Test 1245 pass on GPU 4, execution time: 0.5959 ms
Test 1246 pass on GPU 5, execution time: 0.6028 ms
Test 1247 pass on GPU 6, execution time: 0.9339 ms
Test 1248 pass on GPU 7, execution time: 0.9294 ms
Test 1249 pass on GPU 0, execution time: 1.2118 ms
Test 1250 pass on GPU 1, execution time: 0.5223 ms
Test 1251 pass on GPU 2, execution time: 0.4453 ms
Test 1252 pass on GPU 3, execution time: 0.5771 ms
Test 1253 pass on GPU 4, execution time: 0.7138 ms
Test 1254 pass on GPU 5, execution time: 0.7109 ms
Test 1255 pass on GPU 6, execution time: 1.1504 ms
Test 1256 pass on GPU 7, execution time: 1.4419 ms
Test 1257 pass on GPU 0, execution time: 2.4051 ms
Test 1258 pass on GPU 1, execution time: 1.5228 ms
Test 1259 pass on GPU 2, execution time: 1.5884 ms
Test 1260 pass on GPU 3, execution time: 2.5334 ms
Test 1261 pass on GPU 4, execution time: 1.6637 ms
Test 1262 pass on GPU 5, execution time: 1.7265 ms
Test 1263 pass on GPU 6, execution time: 2.7675 ms
Test 1264 pass on GPU 7, execution time: 1.8548 ms
Test 1265 pass on GPU 0, execution time: 1.3051 ms
Test 1266 pass on GPU 1, execution time: 2.0205 ms
Test 1267 pass on GPU 2, execution time: 2.0829 ms
Test 1268 pass on GPU 3, execution time: 0.0042 ms
Test 1269 pass on GPU 4, execution time: 0.0408 ms
Test 1270 pass on GPU 5, execution time: 0.0334 ms
Test 1271 pass on GPU 6, execution time: 0.0041 ms
Test 1272 pass on GPU 7, execution time: 0.0038 ms
Test 1273 pass on GPU 0, execution time: 0.0040 ms
Test 1274 pass on GPU 1, execution time: 0.1379 ms
Test 1275 pass on GPU 2, execution time: 0.0745 ms
Test 1276 pass on GPU 3, execution time: 0.0504 ms
Test 1277 pass on GPU 4, execution time: 0.0328 ms
Test 1278 pass on GPU 5, execution time: 0.0404 ms
Test 1279 pass on GPU 6, execution time: 0.0427 ms
Test 1280 pass on GPU 7, execution time: 0.9967 ms
Test 1281 pass on GPU 0, execution time: 0.9794 ms
Test 1282 pass on GPU 1, execution time: 0.7848 ms
Test 1283 pass on GPU 2, execution time: 0.3231 ms
Test 1284 pass on GPU 3, execution time: 0.3765 ms
Test 1285 pass on GPU 4, execution time: 0.3168 ms
Test 1286 pass on GPU 5, execution time: 0.8532 ms
Test 1287 pass on GPU 6, execution time: 1.0372 ms
Test 1288 pass on GPU 7, execution time: 0.8723 ms
Test 1289 pass on GPU 0, execution time: 0.3538 ms
Test 1290 pass on GPU 1, execution time: 0.4154 ms
Test 1291 pass on GPU 2, execution time: 0.3635 ms
Test 1292 pass on GPU 3, execution time: 0.9288 ms
Test 1293 pass on GPU 4, execution time: 1.1310 ms
Test 1294 pass on GPU 5, execution time: 0.9307 ms
Test 1295 pass on GPU 6, execution time: 0.3857 ms
Test 1296 pass on GPU 7, execution time: 0.4497 ms
Test 1297 pass on GPU 0, execution time: 0.3949 ms
Test 1298 pass on GPU 1, execution time: 0.9535 ms
Test 1299 pass on GPU 2, execution time: 0.8239 ms
Test 1300 pass on GPU 3, execution time: 0.7670 ms
Test 1301 pass on GPU 4, execution time: 0.2933 ms
Test 1302 pass on GPU 5, execution time: 0.3440 ms
Test 1303 pass on GPU 6, execution time: 0.2880 ms
Test 1304 pass on GPU 7, execution time: 0.2768 ms
Test 1305 pass on GPU 0, execution time: 0.0383 ms
Test 1306 pass on GPU 1, execution time: 0.0038 ms
Test 1307 pass on GPU 2, execution time: 0.0252 ms
Test 1308 pass on GPU 3, execution time: 0.2036 ms
Test 1309 pass on GPU 4, execution time: 0.2307 ms
Test 1310 pass on GPU 5, execution time: 0.1682 ms
Test 1311 pass on GPU 6, execution time: 0.1572 ms
Test 1312 pass on GPU 7, execution time: 0.2837 ms
Test 1313 pass on GPU 0, execution time: 0.2654 ms
Test 1314 pass on GPU 1, execution time: 0.1785 ms
Test 1315 pass on GPU 2, execution time: 0.1217 ms
Test 1316 pass on GPU 3, execution time: 0.1569 ms
Test 1317 pass on GPU 4, execution time: 0.1139 ms
Test 1318 pass on GPU 5, execution time: 0.1107 ms
Test 1319 pass on GPU 6, execution time: 0.1778 ms
Test 1320 pass on GPU 7, execution time: 0.2729 ms
Test 1321 pass on GPU 0, execution time: 0.2582 ms
Test 1322 pass on GPU 1, execution time: 0.2634 ms
Test 1323 pass on GPU 2, execution time: 0.2194 ms
Test 1324 pass on GPU 3, execution time: 0.2012 ms
Test 1325 pass on GPU 4, execution time: 0.1429 ms
Test 1326 pass on GPU 5, execution time: 0.2614 ms
Test 1327 pass on GPU 6, execution time: 0.1596 ms
Test 1328 pass on GPU 7, execution time: 0.2331 ms
Test 1329 pass on GPU 0, execution time: 0.1943 ms
Test 1330 pass on GPU 1, execution time: 0.2579 ms
Test 1331 pass on GPU 2, execution time: 0.2006 ms
Test 1332 pass on GPU 3, execution time: 0.1870 ms
Test 1333 pass on GPU 4, execution time: 0.1521 ms
Test 1334 pass on GPU 5, execution time: 0.1542 ms
Test 1335 pass on GPU 6, execution time: 0.2280 ms
Test 1336 pass on GPU 7, execution time: 0.1775 ms
Test 1337 pass on GPU 0, execution time: 0.1503 ms
Test 1338 pass on GPU 1, execution time: 0.1442 ms
Test 1339 pass on GPU 2, execution time: 0.1195 ms
Test 1340 pass on GPU 3, execution time: 0.1800 ms
Test 1341 pass on GPU 4, execution time: 0.1651 ms
Test 1342 pass on GPU 5, execution time: 0.1630 ms
Test 1343 pass on GPU 6, execution time: 0.1086 ms
Test 1344 pass on GPU 7, execution time: 0.1217 ms
Test 1345 pass on GPU 0, execution time: 0.1581 ms
Test 1346 pass on GPU 1, execution time: 0.0882 ms
Test 1347 pass on GPU 2, execution time: 0.0676 ms
Test 1348 pass on GPU 3, execution time: 0.2041 ms
Test 1349 pass on GPU 4, execution time: 0.0137 ms
Test 1350 pass on GPU 5, execution time: 0.0886 ms
Test 1351 pass on GPU 6, execution time: 0.0821 ms
Test 1352 pass on GPU 7, execution time: 0.5405 ms
Test 1353 pass on GPU 0, execution time: 0.5235 ms
Test 1354 pass on GPU 1, execution time: 0.5221 ms
Test 1355 pass on GPU 2, execution time: 0.2079 ms
Test 1356 pass on GPU 3, execution time: 0.3241 ms
Test 1357 pass on GPU 4, execution time: 0.3519 ms
Test 1358 pass on GPU 5, execution time: 0.6031 ms
Test 1359 pass on GPU 6, execution time: 0.5814 ms
Test 1360 pass on GPU 7, execution time: 0.5592 ms
Test 1361 pass on GPU 0, execution time: 0.2285 ms
Test 1362 pass on GPU 1, execution time: 0.2875 ms
Test 1363 pass on GPU 2, execution time: 0.2137 ms
Test 1364 pass on GPU 3, execution time: 0.6830 ms
Test 1365 pass on GPU 4, execution time: 0.6262 ms
Test 1366 pass on GPU 5, execution time: 0.6103 ms
Test 1367 pass on GPU 6, execution time: 0.2490 ms
Test 1368 pass on GPU 7, execution time: 0.3032 ms
Test 1369 pass on GPU 0, execution time: 0.2318 ms
Test 1370 pass on GPU 1, execution time: 1.3298 ms
Test 1371 pass on GPU 2, execution time: 0.4746 ms
Test 1372 pass on GPU 3, execution time: 1.6478 ms
Test 1373 pass on GPU 4, execution time: 0.1917 ms
Test 1374 pass on GPU 5, execution time: 0.2372 ms
Test 1375 pass on GPU 6, execution time: 0.1899 ms
Test 1376 pass on GPU 7, execution time: 0.2036 ms
Test 1377 pass on GPU 0, execution time: 0.1721 ms
Test 1378 pass on GPU 1, execution time: 0.2537 ms
Test 1379 pass on GPU 2, execution time: 0.2071 ms
Test 1380 pass on GPU 3, execution time: 0.3638 ms
Test 1381 pass on GPU 4, execution time: 0.0518 ms
Test 1382 pass on GPU 5, execution time: 0.1972 ms
Test 1383 pass on GPU 6, execution time: 0.2064 ms
Test 1384 pass on GPU 7, execution time: 0.1863 ms
Test 1385 pass on GPU 0, execution time: 0.0413 ms
Test 1386 pass on GPU 1, execution time: 0.0802 ms
Test 1387 pass on GPU 2, execution time: 0.0791 ms
Test 1388 pass on GPU 3, execution time: 0.7737 ms
Test 1389 pass on GPU 4, execution time: 1.0964 ms
Test 1390 pass on GPU 5, execution time: 0.8299 ms
Test 1391 pass on GPU 6, execution time: 0.8083 ms
Test 1392 pass on GPU 7, execution time: 1.1934 ms
Test 1393 pass on GPU 0, execution time: 0.9081 ms
Test 1394 pass on GPU 1, execution time: 0.8695 ms
Test 1395 pass on GPU 2, execution time: 1.2965 ms
Test 1396 pass on GPU 3, execution time: 0.9973 ms
Test 1397 pass on GPU 4, execution time: 0.6598 ms
Test 1398 pass on GPU 5, execution time: 0.9957 ms
Test 1399 pass on GPU 6, execution time: 1.0409 ms
Test 1400 pass on GPU 7, execution time: 0.2923 ms
Test 1401 pass on GPU 0, execution time: 0.2918 ms
Test 1402 pass on GPU 1, execution time: 0.2931 ms
Test 1403 pass on GPU 2, execution time: 0.4229 ms
Test 1404 pass on GPU 3, execution time: 0.4753 ms
Test 1405 pass on GPU 4, execution time: 0.5842 ms
Test 1406 pass on GPU 5, execution time: 0.3256 ms
Test 1407 pass on GPU 6, execution time: 0.3364 ms
Test 1408 pass on GPU 7, execution time: 0.3427 ms
Test 1409 pass on GPU 0, execution time: 0.6542 ms
Test 1410 pass on GPU 1, execution time: 0.5185 ms
Test 1411 pass on GPU 2, execution time: 0.6710 ms
Test 1412 pass on GPU 3, execution time: 0.3501 ms
Test 1413 pass on GPU 4, execution time: 0.3469 ms
Test 1414 pass on GPU 5, execution time: 0.3497 ms
Test 1415 pass on GPU 6, execution time: 0.6815 ms
Test 1416 pass on GPU 7, execution time: 0.5079 ms
Test 1417 pass on GPU 0, execution time: 0.6923 ms
Test 1418 pass on GPU 1, execution time: 0.6395 ms
Test 1419 pass on GPU 2, execution time: 0.5534 ms
Test 1420 pass on GPU 3, execution time: 0.7642 ms
Test 1421 pass on GPU 4, execution time: 0.3970 ms
Test 1422 pass on GPU 5, execution time: 0.4034 ms
Test 1423 pass on GPU 6, execution time: 0.5880 ms
Test 1424 pass on GPU 7, execution time: 0.1754 ms
Test 1425 pass on GPU 0, execution time: 0.1920 ms
Test 1426 pass on GPU 1, execution time: 0.3635 ms
Test 1427 pass on GPU 2, execution time: 0.2237 ms
Test 1428 pass on GPU 3, execution time: 0.3953 ms
Test 1429 pass on GPU 4, execution time: 0.2304 ms
Test 1430 pass on GPU 5, execution time: 0.8345 ms
Test 1431 pass on GPU 6, execution time: 0.4965 ms
Test 1432 pass on GPU 7, execution time: 0.4909 ms
Test 1433 pass on GPU 0, execution time: 12.9883 ms
Test 1434 pass on GPU 1, execution time: 11.2378 ms
Test 1435 pass on GPU 2, execution time: 0.3690 ms
Test 1436 pass on GPU 3, execution time: 6.6204 ms
Test 1437 pass on GPU 4, execution time: 0.4448 ms
Test 1438 pass on GPU 5, execution time: 0.5485 ms
Test 1439 pass on GPU 6, execution time: 0.9860 ms
Test 1440 pass on GPU 7, execution time: 1.6068 ms
Test 1441 pass on GPU 0, execution time: 1.0843 ms
Test 1442 pass on GPU 1, execution time: 7.2006 ms
Test 1443 pass on GPU 2, execution time: 1.1826 ms
Test 1444 pass on GPU 3, execution time: 7.2151 ms
Test 1445 pass on GPU 4, execution time: 0.8888 ms
Test 1446 pass on GPU 5, execution time: 1.4409 ms
Test 1447 pass on GPU 6, execution time: 0.2738 ms
Test 1448 pass on GPU 7, execution time: 0.8455 ms
Test 1449 pass on GPU 0, execution time: 0.2648 ms
Test 1450 pass on GPU 1, execution time: 0.1948 ms
Test 1451 pass on GPU 2, execution time: 0.2313 ms
Test 1452 pass on GPU 3, execution time: 0.5287 ms
Test 1453 pass on GPU 4, execution time: 0.2507 ms
Test 1454 pass on GPU 5, execution time: 0.7679 ms
Test 1455 pass on GPU 6, execution time: 0.4818 ms
Test 1456 pass on GPU 7, execution time: 0.4139 ms
Test 1457 pass on GPU 0, execution time: 0.4594 ms
Test 1458 pass on GPU 1, execution time: 0.0996 ms
Test 1459 pass on GPU 2, execution time: 0.4562 ms
Test 1460 pass on GPU 3, execution time: 1.1258 ms
Test 1461 pass on GPU 4, execution time: 0.3440 ms
Test 1462 pass on GPU 5, execution time: 1.0201 ms
Test 1463 pass on GPU 6, execution time: 0.3298 ms
Test 1464 pass on GPU 7, execution time: 0.1735 ms
Test 1465 pass on GPU 0, execution time: 0.7407 ms
Test 1466 pass on GPU 1, execution time: 0.2871 ms
Test 1467 pass on GPU 2, execution time: 0.1304 ms
Test 1468 pass on GPU 3, execution time: 0.5582 ms
Test 1469 pass on GPU 4, execution time: 0.3129 ms
Test 1470 pass on GPU 5, execution time: 0.6897 ms
Test 1471 pass on GPU 6, execution time: 0.5494 ms
Test 1472 pass on GPU 7, execution time: 0.1674 ms
Test 1473 pass on GPU 0, execution time: 0.4028 ms
Test 1474 pass on GPU 1, execution time: 0.2110 ms
Test 1475 pass on GPU 2, execution time: 0.5010 ms
Test 1476 pass on GPU 3, execution time: 0.3393 ms
Test 1477 pass on GPU 4, execution time: 0.3106 ms
Test 1478 pass on GPU 5, execution time: 0.6622 ms
Test 1479 pass on GPU 6, execution time: 0.8261 ms
Test 1480 pass on GPU 7, execution time: 0.1668 ms
Test 1481 pass on GPU 0, execution time: 0.2971 ms
Test 1482 pass on GPU 1, execution time: 0.1586 ms
Test 1483 pass on GPU 2, execution time: 0.3254 ms
Test 1484 pass on GPU 3, execution time: 0.3336 ms
Test 1485 pass on GPU 4, execution time: 0.4184 ms
Test 1486 pass on GPU 5, execution time: 0.4969 ms
Test 1487 pass on GPU 6, execution time: 0.3664 ms
Test 1488 pass on GPU 7, execution time: 0.4106 ms
Test 1489 pass on GPU 0, execution time: 0.4013 ms
Test 1490 pass on GPU 1, execution time: 0.3297 ms
Test 1491 pass on GPU 2, execution time: 0.3097 ms
Test 1492 pass on GPU 3, execution time: 0.5420 ms
Test 1493 pass on GPU 4, execution time: 0.2143 ms
Test 1494 pass on GPU 5, execution time: 0.9346 ms
Test 1495 pass on GPU 6, execution time: 0.2115 ms
Test 1496 pass on GPU 7, execution time: 0.4235 ms
Test 1497 pass on GPU 0, execution time: 0.2098 ms
Test 1498 pass on GPU 1, execution time: 0.2231 ms
Test 1499 pass on GPU 2, execution time: 0.4512 ms
Test 1500 pass on GPU 3, execution time: 0.3813 ms
Test 1501 pass on GPU 4, execution time: 0.6636 ms
Test 1502 pass on GPU 5, execution time: 0.1781 ms
Test 1503 pass on GPU 6, execution time: 0.2184 ms
Test 1504 pass on GPU 7, execution time: 0.3389 ms
Test 1505 pass on GPU 0, execution time: 0.3243 ms
Test 1506 pass on GPU 1, execution time: 0.1330 ms
Test 1507 pass on GPU 2, execution time: 0.4021 ms
Test 1508 pass on GPU 3, execution time: 0.3935 ms
Test 1509 pass on GPU 4, execution time: 0.2603 ms
Test 1510 pass on GPU 5, execution time: 0.4746 ms
Test 1511 pass on GPU 6, execution time: 0.2227 ms
Test 1512 pass on GPU 7, execution time: 0.2768 ms
Test 1513 pass on GPU 0, execution time: 0.3361 ms
Test 1514 pass on GPU 1, execution time: 0.7637 ms
Test 1515 pass on GPU 2, execution time: 0.1871 ms
Test 1516 pass on GPU 3, execution time: 0.1755 ms
Test 1517 pass on GPU 4, execution time: 0.1569 ms
Test 1518 pass on GPU 5, execution time: 0.2111 ms
Test 1519 pass on GPU 6, execution time: 0.6494 ms
Test 1520 pass on GPU 7, execution time: 0.3024 ms
Test 1521 pass on GPU 0, execution time: 0.4893 ms
Test 1522 pass on GPU 1, execution time: 0.1081 ms
Test 1523 pass on GPU 2, execution time: 0.3097 ms
Test 1524 pass on GPU 3, execution time: 1.5090 ms
Test 1525 pass on GPU 4, execution time: 0.4959 ms
Test 1526 pass on GPU 5, execution time: 0.3195 ms
Test 1527 pass on GPU 6, execution time: 0.3500 ms
Test 1528 pass on GPU 7, execution time: 0.6959 ms
Test 1529 pass on GPU 0, execution time: 0.3526 ms
Test 1530 pass on GPU 1, execution time: 0.2922 ms
Test 1531 pass on GPU 2, execution time: 0.2025 ms
Test 1532 pass on GPU 3, execution time: 0.3424 ms
Test 1533 pass on GPU 4, execution time: 0.2787 ms
Test 1534 pass on GPU 5, execution time: 0.4101 ms
Test 1535 pass on GPU 6, execution time: 0.1368 ms
Test 1536 pass on GPU 7, execution time: 0.1379 ms
Test 1537 pass on GPU 0, execution time: 1.1333 ms
Test 1538 pass on GPU 1, execution time: 0.2354 ms
Test 1539 pass on GPU 2, execution time: 0.3501 ms
Test 1540 pass on GPU 3, execution time: 0.1601 ms
Test 1541 pass on GPU 4, execution time: 0.0831 ms
Test 1542 pass on GPU 5, execution time: 0.3366 ms
Test 1543 pass on GPU 6, execution time: 0.2046 ms
Test 1544 pass on GPU 7, execution time: 0.2723 ms
Test 1545 pass on GPU 0, execution time: 0.1920 ms
Test 1546 pass on GPU 1, execution time: 0.2253 ms
Test 1547 pass on GPU 2, execution time: 0.7286 ms
Test 1548 pass on GPU 3, execution time: 0.4536 ms
Test 1549 pass on GPU 4, execution time: 0.1329 ms
Test 1550 pass on GPU 5, execution time: 0.1327 ms
Test 1551 pass on GPU 6, execution time: 0.1536 ms
Test 1552 pass on GPU 7, execution time: 0.1032 ms
Test 1553 pass on GPU 0, execution time: 0.1906 ms
Test 1554 pass on GPU 1, execution time: 0.2574 ms
Test 1555 pass on GPU 2, execution time: 0.2142 ms
Test 1556 pass on GPU 3, execution time: 0.5482 ms
Test 1557 pass on GPU 4, execution time: 0.2010 ms
Test 1558 pass on GPU 5, execution time: 0.2126 ms
Test 1559 pass on GPU 6, execution time: 0.2146 ms
Test 1560 pass on GPU 7, execution time: 0.2607 ms
Test 1561 pass on GPU 0, execution time: 0.1921 ms
Test 1562 pass on GPU 1, execution time: 0.1269 ms
Test 1563 pass on GPU 2, execution time: 0.2289 ms
Test 1564 pass on GPU 3, execution time: 0.5313 ms
Test 1565 pass on GPU 4, execution time: 0.0882 ms
Test 1566 pass on GPU 5, execution time: 0.1166 ms
Test 1567 pass on GPU 6, execution time: 0.2581 ms
Test 1568 pass on GPU 7, execution time: 0.2643 ms
Test 1569 pass on GPU 0, execution time: 0.1762 ms
Test 1570 pass on GPU 1, execution time: 0.2479 ms
Test 1571 pass on GPU 2, execution time: 0.2344 ms
Test 1572 pass on GPU 3, execution time: 0.2145 ms
Test 1573 pass on GPU 4, execution time: 0.0984 ms
Test 1574 pass on GPU 5, execution time: 0.1294 ms
Test 1575 pass on GPU 6, execution time: 0.2726 ms
Test 1576 pass on GPU 7, execution time: 0.2355 ms
Test 1577 pass on GPU 0, execution time: 0.2998 ms
Test 1578 pass on GPU 1, execution time: 0.2665 ms
Test 1579 pass on GPU 2, execution time: 0.2177 ms
Test 1580 pass on GPU 3, execution time: 0.2280 ms
Test 1581 pass on GPU 4, execution time: 0.1097 ms
Test 1582 pass on GPU 5, execution time: 0.2728 ms
Test 1583 pass on GPU 6, execution time: 0.2851 ms
Test 1584 pass on GPU 7, execution time: 0.1422 ms
Test 1585 pass on GPU 0, execution time: 0.3886 ms
Test 1586 pass on GPU 1, execution time: 0.3408 ms
Test 1587 pass on GPU 2, execution time: 0.3348 ms
Test 1588 pass on GPU 3, execution time: 0.2708 ms
Test 1589 pass on GPU 4, execution time: 0.1757 ms
Test 1590 pass on GPU 5, execution time: 0.1499 ms
Test 1591 pass on GPU 6, execution time: 0.2030 ms
Test 1592 pass on GPU 7, execution time: 0.5893 ms
Test 1593 pass on GPU 0, execution time: 0.1815 ms
Test 1594 pass on GPU 1, execution time: 0.4692 ms
Test 1595 pass on GPU 2, execution time: 0.2923 ms
Test 1596 pass on GPU 3, execution time: 0.2293 ms
Test 1597 pass on GPU 4, execution time: 0.1800 ms
Test 1598 pass on GPU 5, execution time: 0.1501 ms
Test 1599 pass on GPU 6, execution time: 0.0952 ms
Test 1600 pass on GPU 7, execution time: 0.7035 ms
Test 1601 pass on GPU 0, execution time: 0.3377 ms
Test 1602 pass on GPU 1, execution time: 0.4236 ms
Test 1603 pass on GPU 2, execution time: 0.6010 ms
Test 1604 pass on GPU 3, execution time: 0.9746 ms
Test 1605 pass on GPU 4, execution time: 0.4411 ms
Test 1606 pass on GPU 5, execution time: 0.3426 ms
Test 1607 pass on GPU 6, execution time: 0.3870 ms
Test 1608 pass on GPU 7, execution time: 0.2667 ms
Test 1609 pass on GPU 0, execution time: 0.1329 ms
Test 1610 pass on GPU 1, execution time: 1.3153 ms
Test 1611 pass on GPU 2, execution time: 0.1981 ms
Test 1612 pass on GPU 3, execution time: 0.2020 ms
Test 1613 pass on GPU 4, execution time: 0.1527 ms
Test 1614 pass on GPU 5, execution time: 1.5547 ms
Test 1615 pass on GPU 6, execution time: 0.0655 ms
Test 1616 pass on GPU 7, execution time: 0.1305 ms
Test 1617 pass on GPU 0, execution time: 0.2945 ms
Test 1618 pass on GPU 1, execution time: 0.1614 ms
Test 1619 pass on GPU 2, execution time: 0.2288 ms
Test 1620 pass on GPU 3, execution time: 0.1048 ms
Test 1621 pass on GPU 4, execution time: 0.2030 ms
Test 1622 pass on GPU 5, execution time: 0.1106 ms
Test 1623 pass on GPU 6, execution time: 0.1889 ms
Test 1624 pass on GPU 7, execution time: 1.2792 ms
Test 1625 pass on GPU 0, execution time: 0.1695 ms
Test 1626 pass on GPU 1, execution time: 0.1433 ms
Test 1627 pass on GPU 2, execution time: 0.0616 ms
Test 1628 pass on GPU 3, execution time: 0.2234 ms
Test 1629 pass on GPU 4, execution time: 0.7244 ms
Test 1630 pass on GPU 5, execution time: 0.3962 ms
Test 1631 pass on GPU 6, execution time: 0.1820 ms
Test 1632 pass on GPU 7, execution time: 0.3260 ms
Test 1633 pass on GPU 0, execution time: 0.4710 ms
Test 1634 pass on GPU 1, execution time: 0.4252 ms
Test 1635 pass on GPU 2, execution time: 0.4492 ms
Test 1636 pass on GPU 3, execution time: 0.4679 ms
Test 1637 pass on GPU 4, execution time: 0.4150 ms
Test 1638 pass on GPU 5, execution time: 0.2385 ms
Test 1639 pass on GPU 6, execution time: 1.4104 ms
Test 1640 pass on GPU 7, execution time: 0.3182 ms
Test 1641 pass on GPU 0, execution time: 0.8376 ms
Test 1642 pass on GPU 1, execution time: 0.6166 ms
Test 1643 pass on GPU 2, execution time: 0.9728 ms
Test 1644 pass on GPU 3, execution time: 0.3319 ms
Test 1645 pass on GPU 4, execution time: 0.3288 ms
Test 1646 pass on GPU 5, execution time: 0.1787 ms
Test 1647 pass on GPU 6, execution time: 0.4487 ms
Test 1648 pass on GPU 7, execution time: 0.1804 ms
Test 1649 pass on GPU 0, execution time: 0.1454 ms
Test 1650 pass on GPU 1, execution time: 0.2208 ms
Test 1651 pass on GPU 2, execution time: 0.4477 ms
Test 1652 pass on GPU 3, execution time: 0.5608 ms
Test 1653 pass on GPU 4, execution time: 0.4331 ms
Test 1654 pass on GPU 5, execution time: 0.4942 ms
Test 1655 pass on GPU 6, execution time: 0.5799 ms
Test 1656 pass on GPU 7, execution time: 0.4105 ms
Test 1657 pass on GPU 0, execution time: 0.5717 ms
Test 1658 pass on GPU 1, execution time: 0.5212 ms
Test 1659 pass on GPU 2, execution time: 0.6416 ms
Test 1660 pass on GPU 3, execution time: 0.5429 ms
Test 1661 pass on GPU 4, execution time: 0.5132 ms
Test 1662 pass on GPU 5, execution time: 0.5206 ms
Test 1663 pass on GPU 6, execution time: 0.7209 ms
Test 1664 pass on GPU 7, execution time: 0.4660 ms
Test 1665 pass on GPU 0, execution time: 0.4230 ms
Test 1666 pass on GPU 1, execution time: 0.2270 ms
Test 1667 pass on GPU 2, execution time: 0.2632 ms
Test 1668 pass on GPU 3, execution time: 0.1376 ms
Test 1669 pass on GPU 4, execution time: 0.3757 ms
Test 1670 pass on GPU 5, execution time: 0.4749 ms
Test 1671 pass on GPU 6, execution time: 0.6278 ms
Test 1672 pass on GPU 7, execution time: 0.5682 ms
Test 1673 pass on GPU 0, execution time: 0.5947 ms
Test 1674 pass on GPU 1, execution time: 0.6974 ms
Test 1675 pass on GPU 2, execution time: 0.6052 ms
Test 1676 pass on GPU 3, execution time: 0.4498 ms
Test 1677 pass on GPU 4, execution time: 0.3442 ms
Test 1678 pass on GPU 5, execution time: 0.0932 ms
Test 1679 pass on GPU 6, execution time: 0.3093 ms
Test 1680 pass on GPU 7, execution time: 0.1322 ms
Test 1681 pass on GPU 0, execution time: 0.2859 ms
Test 1682 pass on GPU 1, execution time: 0.2268 ms
Test 1683 pass on GPU 2, execution time: 0.2722 ms
Test 1684 pass on GPU 3, execution time: 0.9681 ms
Test 1685 pass on GPU 4, execution time: 0.2232 ms
Test 1686 pass on GPU 5, execution time: 0.1222 ms
Test 1687 pass on GPU 6, execution time: 0.1201 ms
Test 1688 pass on GPU 7, execution time: 0.5708 ms
Test 1689 pass on GPU 0, execution time: 0.1234 ms
Test 1690 pass on GPU 1, execution time: 0.5666 ms
Test 1691 pass on GPU 2, execution time: 0.1815 ms
Test 1692 pass on GPU 3, execution time: 0.1042 ms
Test 1693 pass on GPU 4, execution time: 0.5893 ms
Test 1694 pass on GPU 5, execution time: 0.5954 ms
Test 1695 pass on GPU 6, execution time: 0.5077 ms
Test 1696 pass on GPU 7, execution time: 0.0839 ms
Test 1697 pass on GPU 0, execution time: 0.5539 ms
Test 1698 pass on GPU 1, execution time: 0.6105 ms
Test 1699 pass on GPU 2, execution time: 0.4168 ms
Test 1700 pass on GPU 3, execution time: 0.3861 ms
Test 1701 pass on GPU 4, execution time: 0.4428 ms
Test 1702 pass on GPU 5, execution time: 0.3074 ms
Test 1703 pass on GPU 6, execution time: 0.4530 ms
Test 1704 pass on GPU 7, execution time: 0.5583 ms
Test 1705 pass on GPU 0, execution time: 0.7104 ms
Test 1706 pass on GPU 1, execution time: 0.3919 ms
Test 1707 pass on GPU 2, execution time: 0.6143 ms
Test 1708 pass on GPU 3, execution time: 0.7562 ms
Test 1709 pass on GPU 4, execution time: 0.6232 ms
Test 1710 pass on GPU 5, execution time: 0.3836 ms
Test 1711 pass on GPU 6, execution time: 0.4318 ms
Test 1712 pass on GPU 7, execution time: 0.2062 ms
Test 1713 pass on GPU 0, execution time: 1.8623 ms
Test 1714 pass on GPU 1, execution time: 0.4569 ms
Test 1715 pass on GPU 2, execution time: 0.4841 ms
Test 1716 pass on GPU 3, execution time: 0.5821 ms
Test 1717 pass on GPU 4, execution time: 0.5150 ms
Test 1718 pass on GPU 5, execution time: 0.3497 ms
Test 1719 pass on GPU 6, execution time: 0.6286 ms
Test 1720 pass on GPU 7, execution time: 0.6990 ms
Test 1721 pass on GPU 0, execution time: 0.5452 ms
Test 1722 pass on GPU 1, execution time: 0.3901 ms
Test 1723 pass on GPU 2, execution time: 0.4661 ms
Test 1724 pass on GPU 3, execution time: 0.4670 ms
Test 1725 pass on GPU 4, execution time: 0.2530 ms
Test 1726 pass on GPU 5, execution time: 0.2407 ms
Test 1727 pass on GPU 6, execution time: 0.2399 ms
Test 1728 pass on GPU 7, execution time: 0.1506 ms
Test 1729 pass on GPU 0, execution time: 0.1350 ms
Test 1730 pass on GPU 1, execution time: 0.2764 ms
Test 1731 pass on GPU 2, execution time: 0.3512 ms
Test 1732 pass on GPU 3, execution time: 0.3588 ms
Test 1733 pass on GPU 4, execution time: 0.5291 ms
Test 1734 pass on GPU 5, execution time: 0.2429 ms
Test 1735 pass on GPU 6, execution time: 0.2908 ms
Test 1736 pass on GPU 7, execution time: 0.3030 ms
Test 1737 pass on GPU 0, execution time: 0.4715 ms
Test 1738 pass on GPU 1, execution time: 0.3710 ms
Test 1739 pass on GPU 2, execution time: 0.5776 ms
Test 1740 pass on GPU 3, execution time: 0.2471 ms
Test 1741 pass on GPU 4, execution time: 0.2478 ms
Test 1742 pass on GPU 5, execution time: 1.6269 ms
Test 1743 pass on GPU 6, execution time: 0.4994 ms
Test 1744 pass on GPU 7, execution time: 0.0671 ms
Test 1745 pass on GPU 0, execution time: 0.1581 ms
Test 1746 pass on GPU 1, execution time: 0.2409 ms
Test 1747 pass on GPU 2, execution time: 0.3369 ms
Test 1748 pass on GPU 3, execution time: 2.8620 ms
Test 1749 pass on GPU 4, execution time: 0.3234 ms
Test 1750 pass on GPU 5, execution time: 0.1411 ms
Test 1751 pass on GPU 6, execution time: 0.2495 ms
Test 1752 pass on GPU 7, execution time: 0.0931 ms
Test 1753 pass on GPU 0, execution time: 0.1955 ms
Test 1754 pass on GPU 1, execution time: 0.8169 ms
Test 1755 pass on GPU 2, execution time: 2.6954 ms
Test 1756 pass on GPU 3, execution time: 0.5131 ms
Test 1757 pass on GPU 4, execution time: 1.4320 ms
Test 1758 pass on GPU 5, execution time: 0.3936 ms
Test 1759 pass on GPU 6, execution time: 0.1057 ms
Test 1760 pass on GPU 7, execution time: 0.1779 ms
Test 1761 pass on GPU 0, execution time: 1.0734 ms
Test 1762 pass on GPU 1, execution time: 0.5074 ms
Test 1763 pass on GPU 2, execution time: 1.0226 ms
Test 1764 pass on GPU 3, execution time: 0.6966 ms
Test 1765 pass on GPU 4, execution time: 0.5422 ms
Test 1766 pass on GPU 5, execution time: 0.3485 ms
Test 1767 pass on GPU 6, execution time: 0.2458 ms
Test 1768 pass on GPU 7, execution time: 0.6955 ms
Test 1769 pass on GPU 0, execution time: 1.1277 ms
Test 1770 pass on GPU 1, execution time: 0.2466 ms
Test 1771 pass on GPU 2, execution time: 0.3198 ms
Test 1772 pass on GPU 3, execution time: 1.5003 ms
Test 1773 pass on GPU 4, execution time: 0.1339 ms
Test 1774 pass on GPU 5, execution time: 0.4316 ms
Test 1775 pass on GPU 6, execution time: 0.1844 ms
Test 1776 pass on GPU 7, execution time: 0.3898 ms
Test 1777 pass on GPU 0, execution time: 0.7549 ms
Test 1778 pass on GPU 1, execution time: 0.9121 ms
Test 1779 pass on GPU 2, execution time: 1.1667 ms
Test 1780 pass on GPU 3, execution time: 0.2756 ms
Test 1781 pass on GPU 4, execution time: 0.2704 ms
Test 1782 pass on GPU 5, execution time: 0.3397 ms
Test 1783 pass on GPU 6, execution time: 0.4466 ms
Test 1784 pass on GPU 7, execution time: 0.6637 ms
Test 1785 pass on GPU 0, execution time: 0.1162 ms
Test 1786 pass on GPU 1, execution time: 0.3502 ms
Test 1787 pass on GPU 2, execution time: 0.3423 ms
Test 1788 pass on GPU 3, execution time: 0.1303 ms
Test 1789 pass on GPU 4, execution time: 0.8956 ms
Test 1790 pass on GPU 5, execution time: 0.3388 ms
Test 1791 pass on GPU 6, execution time: 0.3293 ms
Test 1792 pass on GPU 7, execution time: 0.2318 ms
Test 1793 pass on GPU 0, execution time: 0.4424 ms
Test 1794 pass on GPU 1, execution time: 0.2939 ms
Test 1795 pass on GPU 2, execution time: 0.2686 ms
Test 1796 pass on GPU 3, execution time: 0.2794 ms
Test 1797 pass on GPU 4, execution time: 0.5135 ms
Test 1798 pass on GPU 5, execution time: 0.5718 ms
Test 1799 pass on GPU 6, execution time: 1.1685 ms
Test 1800 pass on GPU 7, execution time: 1.1378 ms
Test 1801 pass on GPU 0, execution time: 0.3650 ms
Test 1802 pass on GPU 1, execution time: 0.1862 ms
Test 1803 pass on GPU 2, execution time: 0.4878 ms
Test 1804 pass on GPU 3, execution time: 0.1459 ms
Test 1805 pass on GPU 4, execution time: 0.1876 ms
Test 1806 pass on GPU 5, execution time: 0.4891 ms
Test 1807 pass on GPU 6, execution time: 0.3990 ms
Test 1808 pass on GPU 7, execution time: 0.3191 ms
Test 1809 pass on GPU 0, execution time: 0.3300 ms
Test 1810 pass on GPU 1, execution time: 0.5667 ms
Test 1811 pass on GPU 2, execution time: 0.4226 ms
Test 1812 pass on GPU 3, execution time: 0.3044 ms
Test 1813 pass on GPU 4, execution time: 0.4098 ms
Test 1814 pass on GPU 5, execution time: 0.3368 ms
Test 1815 pass on GPU 6, execution time: 0.3463 ms
Test 1816 pass on GPU 7, execution time: 0.1846 ms
Test 1817 pass on GPU 0, execution time: 1.0344 ms
Test 1818 pass on GPU 1, execution time: 0.3204 ms
Test 1819 pass on GPU 2, execution time: 0.3180 ms
Test 1820 pass on GPU 3, execution time: 0.5789 ms
Test 1821 pass on GPU 4, execution time: 0.7491 ms
Test 1822 pass on GPU 5, execution time: 0.2385 ms
Test 1823 pass on GPU 6, execution time: 0.3317 ms
Test 1824 pass on GPU 7, execution time: 0.1785 ms
Test 1825 pass on GPU 0, execution time: 0.0366 ms
Test 1826 pass on GPU 1, execution time: 0.4515 ms
Test 1827 pass on GPU 2, execution time: 0.1455 ms
Test 1828 pass on GPU 3, execution time: 0.5281 ms
Test 1829 pass on GPU 4, execution time: 0.2356 ms
Test 1830 pass on GPU 5, execution time: 0.4673 ms
Test 1831 pass on GPU 6, execution time: 0.2205 ms
Test 1832 pass on GPU 7, execution time: 0.1505 ms
Test 1833 pass on GPU 0, execution time: 0.4459 ms
Test 1834 pass on GPU 1, execution time: 0.3091 ms
Test 1835 pass on GPU 2, execution time: 0.2895 ms
Test 1836 pass on GPU 3, execution time: 0.2427 ms
Test 1837 pass on GPU 4, execution time: 0.3079 ms
Test 1838 pass on GPU 5, execution time: 0.6425 ms
Test 1839 pass on GPU 6, execution time: 0.2664 ms
Test 1840 pass on GPU 7, execution time: 0.2623 ms
Test 1841 pass on GPU 0, execution time: 0.5722 ms
Test 1842 pass on GPU 1, execution time: 0.5532 ms
Test 1843 pass on GPU 2, execution time: 0.2005 ms
Test 1844 pass on GPU 3, execution time: 0.3224 ms
Test 1845 pass on GPU 4, execution time: 0.3783 ms
Test 1846 pass on GPU 5, execution time: 0.3178 ms
Test 1847 pass on GPU 6, execution time: 0.3916 ms
Test 1848 pass on GPU 7, execution time: 0.4074 ms
Test 1849 pass on GPU 0, execution time: 0.3278 ms
Test 1850 pass on GPU 1, execution time: 0.4881 ms
Test 1851 pass on GPU 2, execution time: 0.4203 ms
Test 1852 pass on GPU 3, execution time: 0.3047 ms
Test 1853 pass on GPU 4, execution time: 0.3811 ms
Test 1854 pass on GPU 5, execution time: 0.3962 ms
Test 1855 pass on GPU 6, execution time: 0.3072 ms
Test 1856 pass on GPU 7, execution time: 0.2243 ms
Test 1857 pass on GPU 0, execution time: 0.3416 ms
Test 1858 pass on GPU 1, execution time: 0.3139 ms
Test 1859 pass on GPU 2, execution time: 0.4871 ms
Test 1860 pass on GPU 3, execution time: 0.2759 ms
Test 1861 pass on GPU 4, execution time: 0.2710 ms
Test 1862 pass on GPU 5, execution time: 0.6016 ms
Test 1863 pass on GPU 6, execution time: 0.7212 ms
Test 1864 pass on GPU 7, execution time: 0.5575 ms
Test 1865 pass on GPU 0, execution time: 0.1453 ms
Test 1866 pass on GPU 1, execution time: 0.2477 ms
Test 1867 pass on GPU 2, execution time: 0.2737 ms
Test 1868 pass on GPU 3, execution time: 1.3303 ms
Test 1869 pass on GPU 4, execution time: 1.2933 ms
Test 1870 pass on GPU 5, execution time: 0.3144 ms
Test 1871 pass on GPU 6, execution time: 0.3795 ms
Test 1872 pass on GPU 7, execution time: 0.2457 ms
Test 1873 pass on GPU 0, execution time: 0.3489 ms
Test 1874 pass on GPU 1, execution time: 0.5012 ms
Test 1875 pass on GPU 2, execution time: 0.3393 ms
Test 1876 pass on GPU 3, execution time: 0.6550 ms
Test 1877 pass on GPU 4, execution time: 0.5686 ms
Test 1878 pass on GPU 5, execution time: 0.1354 ms
Test 1879 pass on GPU 6, execution time: 0.4516 ms
Test 1880 pass on GPU 7, execution time: 0.6389 ms
Test 1881 pass on GPU 0, execution time: 0.4904 ms
Test 1882 pass on GPU 1, execution time: 0.7176 ms
Test 1883 pass on GPU 2, execution time: 0.4315 ms
Test 1884 pass on GPU 3, execution time: 0.5640 ms
Test 1885 pass on GPU 4, execution time: 0.4103 ms
Test 1886 pass on GPU 5, execution time: 0.2518 ms
Test 1887 pass on GPU 6, execution time: 0.2361 ms
Test 1888 pass on GPU 7, execution time: 1.2658 ms
Test 1889 pass on GPU 0, execution time: 0.6569 ms
Test 1890 pass on GPU 1, execution time: 0.5170 ms
Test 1891 pass on GPU 2, execution time: 0.0660 ms
Test 1892 pass on GPU 3, execution time: 0.4706 ms
Test 1893 pass on GPU 4, execution time: 0.4514 ms
Test 1894 pass on GPU 5, execution time: 0.5535 ms
Test 1895 pass on GPU 6, execution time: 0.5406 ms
Test 1896 pass on GPU 7, execution time: 0.5088 ms
Saved golden database with 0 entries

==================================================
EXECUTION SUMMARY
==================================================
Total tests: 1896
Successful: 1896
Failed: 0
Success rate: 100.0%
Total CPU time: 11606.95 ms
Total GPU time: 1009.45 ms
Average GPU time per test: 0.53 ms
==================================================
